components BEGIN
0: 7 
1: 5 
2: 4 
3: 3 6 11 12 
4: 8 
5: 10 
6: 9 
7: 2 
8: 0 
9: 1 
components END
topsort: 7 1 0 2 3 8 9 4 6 5 
BH: 7 9 
BH: 1 2 3 4 5 6 8 9 
BH: 0 2 3 4 5 6 8 9 
BH: 2 3 4 5 6 8 9 
BH: 3 4 5 6 8 9 
BH: 8 9 
BH: 9 
BH: 4 5 6 
BH: 6 
BH: 5 
BH: 1 2 3 4 5 6 7 8 9 
BH: 0 2 3 4 5 6 7 8 9 
BH: 2 3 4 5 6 7 8 9 
BH: 3 4 5 6 7 8 9 
BH: 7 8 9 
BH: 7 9 
BH: 4 5 6 7 9 
BH: 6 7 9 
BH: 5 7 9 
BH: 0 1 2 3 4 5 6 8 9 
BH: 1 2 3 4 5 6 8 9 
BH: 1 2 3 4 5 6 8 9 
BH: 1 2 3 4 5 6 8 9 
BH: 1 2 3 4 5 6 8 9 
BH: 1 2 3 4 5 6 8 9 
BH: 1 2 3 4 5 6 8 9 
BH: 1 2 3 4 5 6 8 9 
BH: 0 2 3 4 5 6 8 9 
BH: 0 2 3 4 5 6 8 9 
BH: 0 2 3 4 5 6 8 9 
BH: 0 2 3 4 5 6 8 9 
BH: 0 2 3 4 5 6 8 9 
BH: 0 2 3 4 5 6 8 9 
BH: 0 2 3 4 5 6 8 9 
BH: 2 3 4 5 6 8 9 
BH: 2 3 4 5 6 8 9 
BH: 2 3 4 5 6 8 9 
BH: 2 3 4 5 6 8 9 
BH: 2 3 4 5 6 8 9 
BH: 2 3 4 5 6 8 9 
BH: 3 4 5 6 8 9 
BH: 3 4 5 6 8 9 
BH: 3 4 5 6 8 9 
BH: 3 4 5 6 8 9 
BH: 3 4 5 6 8 9 
BH: 8 9 
BH: 4 5 6 8 9 
BH: 6 8 9 
BH: 5 8 9 
BH: 4 5 6 9 
BH: 6 9 
BH: 5 9 
BH: 4 5 6 
BH: 4 5 6 
BH: 5 6 
BH: 0 1 2 3 4 5 6 7 8 9 
BH: 1 2 3 4 5 6 7 8 9 
BH: 1 2 3 4 5 6 7 8 9 
BH: 1 2 3 4 5 6 7 8 9 
BH: 1 2 3 4 5 6 7 8 9 
BH: 1 2 3 4 5 6 7 8 9 
BH: 1 2 3 4 5 6 7 8 9 
BH: 1 2 3 4 5 6 7 8 9 
BH: 0 2 3 4 5 6 7 8 9 
BH: 0 2 3 4 5 6 7 8 9 
BH: 0 2 3 4 5 6 7 8 9 
BH: 0 2 3 4 5 6 7 8 9 
BH: 0 2 3 4 5 6 7 8 9 
BH: 0 2 3 4 5 6 7 8 9 
BH: 0 2 3 4 5 6 7 8 9 
BH: 2 3 4 5 6 7 8 9 
BH: 2 3 4 5 6 7 8 9 
BH: 2 3 4 5 6 7 8 9 
BH: 2 3 4 5 6 7 8 9 
BH: 2 3 4 5 6 7 8 9 
BH: 2 3 4 5 6 7 8 9 
BH: 3 4 5 6 7 8 9 
BH: 3 4 5 6 7 8 9 
BH: 3 4 5 6 7 8 9 
BH: 3 4 5 6 7 8 9 
BH: 3 4 5 6 7 8 9 
BH: 7 8 9 
BH: 4 5 6 7 8 9 
BH: 6 7 8 9 
BH: 5 7 8 9 
BH: 4 5 6 7 9 
BH: 6 7 9 
BH: 5 7 9 
BH: 4 5 6 7 9 
BH: 4 5 6 7 9 
BH: 5 6 7 9 
BH: 0 1 2 3 4 5 6 8 9 
BH: 0 1 2 3 4 5 6 8 9 
BH: 0 1 2 3 4 5 6 8 9 
BH: 0 1 2 3 4 5 6 8 9 
BH: 0 1 2 3 4 5 6 8 9 
BH: 0 1 2 3 4 5 6 8 9 
BH: 0 1 2 3 4 5 6 8 9 
BH: 1 2 3 4 5 6 8 9 
BH: 1 2 3 4 5 6 8 9 
BH: 1 2 3 4 5 6 8 9 
BH: 1 2 3 4 5 6 8 9 
BH: 1 2 3 4 5 6 8 9 
BH: 1 2 3 4 5 6 8 9 
BH: 1 2 3 4 5 6 8 9 
BH: 1 2 3 4 5 6 8 9 
BH: 1 2 3 4 5 6 8 9 
BH: 1 2 3 4 5 6 8 9 
BH: 1 2 3 4 5 6 8 9 
BH: 1 2 3 4 5 6 8 9 
BH: 1 2 3 4 5 6 8 9 
BH: 1 2 3 4 5 6 8 9 
BH: 1 2 3 4 5 6 8 9 
BH: 1 2 3 4 5 6 8 9 
BH: 1 2 3 4 5 6 8 9 
BH: 1 2 3 4 5 6 8 9 
BH: 1 2 3 4 5 6 8 9 
BH: 1 2 3 4 5 6 8 9 
BH: 1 2 3 4 5 6 8 9 
BH: 0 2 3 4 5 6 8 9 
BH: 0 2 3 4 5 6 8 9 
BH: 0 2 3 4 5 6 8 9 
BH: 0 2 3 4 5 6 8 9 
BH: 0 2 3 4 5 6 8 9 
BH: 0 2 3 4 5 6 8 9 
BH: 0 2 3 4 5 6 8 9 
BH: 0 2 3 4 5 6 8 9 
BH: 0 2 3 4 5 6 8 9 
BH: 0 2 3 4 5 6 8 9 
BH: 0 2 3 4 5 6 8 9 
BH: 0 2 3 4 5 6 8 9 
BH: 0 2 3 4 5 6 8 9 
BH: 0 2 3 4 5 6 8 9 
BH: 0 2 3 4 5 6 8 9 
BH: 0 2 3 4 5 6 8 9 
BH: 0 2 3 4 5 6 8 9 
BH: 0 2 3 4 5 6 8 9 
BH: 0 2 3 4 5 6 8 9 
BH: 0 2 3 4 5 6 8 9 
BH: 0 2 3 4 5 6 8 9 
BH: 2 3 4 5 6 8 9 
BH: 2 3 4 5 6 8 9 
BH: 2 3 4 5 6 8 9 
BH: 2 3 4 5 6 8 9 
BH: 2 3 4 5 6 8 9 
BH: 2 3 4 5 6 8 9 
BH: 2 3 4 5 6 8 9 
BH: 2 3 4 5 6 8 9 
BH: 2 3 4 5 6 8 9 
BH: 2 3 4 5 6 8 9 
BH: 2 3 4 5 6 8 9 
BH: 2 3 4 5 6 8 9 
BH: 2 3 4 5 6 8 9 
BH: 2 3 4 5 6 8 9 
BH: 2 3 4 5 6 8 9 
BH: 3 4 5 6 8 9 
BH: 3 4 5 6 8 9 
BH: 3 4 5 6 8 9 
BH: 3 4 5 6 8 9 
BH: 3 4 5 6 8 9 
BH: 3 4 5 6 8 9 
BH: 3 4 5 6 8 9 
BH: 3 4 5 6 8 9 
BH: 3 4 5 6 8 9 
BH: 3 4 5 6 8 9 
BH: 4 5 6 8 9 
BH: 6 8 9 
BH: 5 8 9 
BH: 4 5 6 8 9 
BH: 4 5 6 8 9 
BH: 5 6 8 9 
BH: 4 5 6 9 
BH: 4 5 6 9 
BH: 5 6 9 
BH: 4 5 6 
BH: 0 1 2 3 4 5 6 7 8 9 
BH: 0 1 2 3 4 5 6 7 8 9 
BH: 0 1 2 3 4 5 6 7 8 9 
BH: 0 1 2 3 4 5 6 7 8 9 
BH: 0 1 2 3 4 5 6 7 8 9 
BH: 0 1 2 3 4 5 6 7 8 9 
BH: 0 1 2 3 4 5 6 7 8 9 
BH: 1 2 3 4 5 6 7 8 9 
BH: 1 2 3 4 5 6 7 8 9 
BH: 1 2 3 4 5 6 7 8 9 
BH: 1 2 3 4 5 6 7 8 9 
BH: 1 2 3 4 5 6 7 8 9 
BH: 1 2 3 4 5 6 7 8 9 
BH: 1 2 3 4 5 6 7 8 9 
BH: 1 2 3 4 5 6 7 8 9 
BH: 1 2 3 4 5 6 7 8 9 
BH: 1 2 3 4 5 6 7 8 9 
BH: 1 2 3 4 5 6 7 8 9 
BH: 1 2 3 4 5 6 7 8 9 
BH: 1 2 3 4 5 6 7 8 9 
BH: 1 2 3 4 5 6 7 8 9 
BH: 1 2 3 4 5 6 7 8 9 
BH: 1 2 3 4 5 6 7 8 9 
BH: 1 2 3 4 5 6 7 8 9 
BH: 1 2 3 4 5 6 7 8 9 
BH: 1 2 3 4 5 6 7 8 9 
BH: 1 2 3 4 5 6 7 8 9 
BH: 1 2 3 4 5 6 7 8 9 
BH: 0 2 3 4 5 6 7 8 9 
BH: 0 2 3 4 5 6 7 8 9 
BH: 0 2 3 4 5 6 7 8 9 
BH: 0 2 3 4 5 6 7 8 9 
BH: 0 2 3 4 5 6 7 8 9 
BH: 0 2 3 4 5 6 7 8 9 
BH: 0 2 3 4 5 6 7 8 9 
BH: 0 2 3 4 5 6 7 8 9 
BH: 0 2 3 4 5 6 7 8 9 
BH: 0 2 3 4 5 6 7 8 9 
BH: 0 2 3 4 5 6 7 8 9 
BH: 0 2 3 4 5 6 7 8 9 
BH: 0 2 3 4 5 6 7 8 9 
BH: 0 2 3 4 5 6 7 8 9 
BH: 0 2 3 4 5 6 7 8 9 
BH: 0 2 3 4 5 6 7 8 9 
BH: 0 2 3 4 5 6 7 8 9 
BH: 0 2 3 4 5 6 7 8 9 
BH: 0 2 3 4 5 6 7 8 9 
BH: 0 2 3 4 5 6 7 8 9 
BH: 0 2 3 4 5 6 7 8 9 
BH: 2 3 4 5 6 7 8 9 
BH: 2 3 4 5 6 7 8 9 
BH: 2 3 4 5 6 7 8 9 
BH: 2 3 4 5 6 7 8 9 
BH: 2 3 4 5 6 7 8 9 
BH: 2 3 4 5 6 7 8 9 
BH: 2 3 4 5 6 7 8 9 
BH: 2 3 4 5 6 7 8 9 
BH: 2 3 4 5 6 7 8 9 
BH: 2 3 4 5 6 7 8 9 
BH: 2 3 4 5 6 7 8 9 
BH: 2 3 4 5 6 7 8 9 
BH: 2 3 4 5 6 7 8 9 
BH: 2 3 4 5 6 7 8 9 
BH: 2 3 4 5 6 7 8 9 
BH: 3 4 5 6 7 8 9 
BH: 3 4 5 6 7 8 9 
BH: 3 4 5 6 7 8 9 
BH: 3 4 5 6 7 8 9 
BH: 3 4 5 6 7 8 9 
BH: 3 4 5 6 7 8 9 
BH: 3 4 5 6 7 8 9 
BH: 3 4 5 6 7 8 9 
BH: 3 4 5 6 7 8 9 
BH: 3 4 5 6 7 8 9 
BH: 4 5 6 7 8 9 
BH: 6 7 8 9 
BH: 5 7 8 9 
BH: 4 5 6 7 8 9 
BH: 4 5 6 7 8 9 
BH: 5 6 7 8 9 
BH: 4 5 6 7 9 
BH: 4 5 6 7 9 
BH: 5 6 7 9 
BH: 4 5 6 7 9 
BH: 0 1 2 3 4 5 6 8 9 
BH: 0 1 2 3 4 5 6 8 9 
BH: 0 1 2 3 4 5 6 8 9 
BH: 0 1 2 3 4 5 6 8 9 
BH: 0 1 2 3 4 5 6 8 9 
BH: 0 1 2 3 4 5 6 8 9 
BH: 0 1 2 3 4 5 6 8 9 
BH: 0 1 2 3 4 5 6 8 9 
BH: 0 1 2 3 4 5 6 8 9 
BH: 0 1 2 3 4 5 6 8 9 
BH: 0 1 2 3 4 5 6 8 9 
BH: 0 1 2 3 4 5 6 8 9 
BH: 0 1 2 3 4 5 6 8 9 
BH: 0 1 2 3 4 5 6 8 9 
BH: 0 1 2 3 4 5 6 8 9 
BH: 0 1 2 3 4 5 6 8 9 
BH: 0 1 2 3 4 5 6 8 9 
BH: 0 1 2 3 4 5 6 8 9 
BH: 0 1 2 3 4 5 6 8 9 
BH: 0 1 2 3 4 5 6 8 9 
BH: 0 1 2 3 4 5 6 8 9 
BH: 1 2 3 4 5 6 8 9 
BH: 1 2 3 4 5 6 8 9 
BH: 1 2 3 4 5 6 8 9 
BH: 1 2 3 4 5 6 8 9 
BH: 1 2 3 4 5 6 8 9 
BH: 1 2 3 4 5 6 8 9 
BH: 1 2 3 4 5 6 8 9 
BH: 1 2 3 4 5 6 8 9 
BH: 1 2 3 4 5 6 8 9 
BH: 1 2 3 4 5 6 8 9 
BH: 1 2 3 4 5 6 8 9 
BH: 1 2 3 4 5 6 8 9 
BH: 1 2 3 4 5 6 8 9 
BH: 1 2 3 4 5 6 8 9 
BH: 1 2 3 4 5 6 8 9 
BH: 1 2 3 4 5 6 8 9 
BH: 1 2 3 4 5 6 8 9 
BH: 1 2 3 4 5 6 8 9 
BH: 1 2 3 4 5 6 8 9 
BH: 1 2 3 4 5 6 8 9 
BH: 1 2 3 4 5 6 8 9 
BH: 1 2 3 4 5 6 8 9 
BH: 1 2 3 4 5 6 8 9 
BH: 1 2 3 4 5 6 8 9 
BH: 1 2 3 4 5 6 8 9 
BH: 1 2 3 4 5 6 8 9 
BH: 1 2 3 4 5 6 8 9 
BH: 1 2 3 4 5 6 8 9 
BH: 1 2 3 4 5 6 8 9 
BH: 1 2 3 4 5 6 8 9 
BH: 1 2 3 4 5 6 8 9 
BH: 1 2 3 4 5 6 8 9 
BH: 1 2 3 4 5 6 8 9 
BH: 1 2 3 4 5 6 8 9 
BH: 1 2 3 4 5 6 8 9 
BH: 0 2 3 4 5 6 8 9 
BH: 0 2 3 4 5 6 8 9 
BH: 0 2 3 4 5 6 8 9 
BH: 0 2 3 4 5 6 8 9 
BH: 0 2 3 4 5 6 8 9 
BH: 0 2 3 4 5 6 8 9 
BH: 0 2 3 4 5 6 8 9 
BH: 0 2 3 4 5 6 8 9 
BH: 0 2 3 4 5 6 8 9 
BH: 0 2 3 4 5 6 8 9 
BH: 0 2 3 4 5 6 8 9 
BH: 0 2 3 4 5 6 8 9 
BH: 0 2 3 4 5 6 8 9 
BH: 0 2 3 4 5 6 8 9 
BH: 0 2 3 4 5 6 8 9 
BH: 0 2 3 4 5 6 8 9 
BH: 0 2 3 4 5 6 8 9 
BH: 0 2 3 4 5 6 8 9 
BH: 0 2 3 4 5 6 8 9 
BH: 0 2 3 4 5 6 8 9 
BH: 0 2 3 4 5 6 8 9 
BH: 0 2 3 4 5 6 8 9 
BH: 0 2 3 4 5 6 8 9 
BH: 0 2 3 4 5 6 8 9 
BH: 0 2 3 4 5 6 8 9 
BH: 0 2 3 4 5 6 8 9 
BH: 0 2 3 4 5 6 8 9 
BH: 0 2 3 4 5 6 8 9 
BH: 0 2 3 4 5 6 8 9 
BH: 0 2 3 4 5 6 8 9 
BH: 0 2 3 4 5 6 8 9 
BH: 0 2 3 4 5 6 8 9 
BH: 0 2 3 4 5 6 8 9 
BH: 0 2 3 4 5 6 8 9 
BH: 0 2 3 4 5 6 8 9 
BH: 2 3 4 5 6 8 9 
BH: 2 3 4 5 6 8 9 
BH: 2 3 4 5 6 8 9 
BH: 2 3 4 5 6 8 9 
BH: 2 3 4 5 6 8 9 
BH: 2 3 4 5 6 8 9 
BH: 2 3 4 5 6 8 9 
BH: 2 3 4 5 6 8 9 
BH: 2 3 4 5 6 8 9 
BH: 2 3 4 5 6 8 9 
BH: 2 3 4 5 6 8 9 
BH: 2 3 4 5 6 8 9 
BH: 2 3 4 5 6 8 9 
BH: 2 3 4 5 6 8 9 
BH: 2 3 4 5 6 8 9 
BH: 2 3 4 5 6 8 9 
BH: 2 3 4 5 6 8 9 
BH: 2 3 4 5 6 8 9 
BH: 2 3 4 5 6 8 9 
BH: 2 3 4 5 6 8 9 
BH: 3 4 5 6 8 9 
BH: 3 4 5 6 8 9 
BH: 3 4 5 6 8 9 
BH: 3 4 5 6 8 9 
BH: 3 4 5 6 8 9 
BH: 3 4 5 6 8 9 
BH: 3 4 5 6 8 9 
BH: 3 4 5 6 8 9 
BH: 3 4 5 6 8 9 
BH: 3 4 5 6 8 9 
BH: 4 5 6 8 9 
BH: 4 5 6 8 9 
BH: 5 6 8 9 
BH: 4 5 6 8 9 
BH: 4 5 6 9 
BH: 0 1 2 3 4 5 6 7 8 9 
BH: 0 1 2 3 4 5 6 7 8 9 
BH: 0 1 2 3 4 5 6 7 8 9 
BH: 0 1 2 3 4 5 6 7 8 9 
BH: 0 1 2 3 4 5 6 7 8 9 
BH: 0 1 2 3 4 5 6 7 8 9 
BH: 0 1 2 3 4 5 6 7 8 9 
BH: 0 1 2 3 4 5 6 7 8 9 
BH: 0 1 2 3 4 5 6 7 8 9 
BH: 0 1 2 3 4 5 6 7 8 9 
BH: 0 1 2 3 4 5 6 7 8 9 
BH: 0 1 2 3 4 5 6 7 8 9 
BH: 0 1 2 3 4 5 6 7 8 9 
BH: 0 1 2 3 4 5 6 7 8 9 
BH: 0 1 2 3 4 5 6 7 8 9 
BH: 0 1 2 3 4 5 6 7 8 9 
BH: 0 1 2 3 4 5 6 7 8 9 
BH: 0 1 2 3 4 5 6 7 8 9 
BH: 0 1 2 3 4 5 6 7 8 9 
BH: 0 1 2 3 4 5 6 7 8 9 
BH: 0 1 2 3 4 5 6 7 8 9 
BH: 1 2 3 4 5 6 7 8 9 
BH: 1 2 3 4 5 6 7 8 9 
BH: 1 2 3 4 5 6 7 8 9 
BH: 1 2 3 4 5 6 7 8 9 
BH: 1 2 3 4 5 6 7 8 9 
BH: 1 2 3 4 5 6 7 8 9 
BH: 1 2 3 4 5 6 7 8 9 
BH: 1 2 3 4 5 6 7 8 9 
BH: 1 2 3 4 5 6 7 8 9 
BH: 1 2 3 4 5 6 7 8 9 
BH: 1 2 3 4 5 6 7 8 9 
BH: 1 2 3 4 5 6 7 8 9 
BH: 1 2 3 4 5 6 7 8 9 
BH: 1 2 3 4 5 6 7 8 9 
BH: 1 2 3 4 5 6 7 8 9 
BH: 1 2 3 4 5 6 7 8 9 
BH: 1 2 3 4 5 6 7 8 9 
BH: 1 2 3 4 5 6 7 8 9 
BH: 1 2 3 4 5 6 7 8 9 
BH: 1 2 3 4 5 6 7 8 9 
BH: 1 2 3 4 5 6 7 8 9 
BH: 1 2 3 4 5 6 7 8 9 
BH: 1 2 3 4 5 6 7 8 9 
BH: 1 2 3 4 5 6 7 8 9 
BH: 1 2 3 4 5 6 7 8 9 
BH: 1 2 3 4 5 6 7 8 9 
BH: 1 2 3 4 5 6 7 8 9 
BH: 1 2 3 4 5 6 7 8 9 
BH: 1 2 3 4 5 6 7 8 9 
BH: 1 2 3 4 5 6 7 8 9 
BH: 1 2 3 4 5 6 7 8 9 
BH: 1 2 3 4 5 6 7 8 9 
BH: 1 2 3 4 5 6 7 8 9 
BH: 1 2 3 4 5 6 7 8 9 
BH: 1 2 3 4 5 6 7 8 9 
BH: 0 2 3 4 5 6 7 8 9 
BH: 0 2 3 4 5 6 7 8 9 
BH: 0 2 3 4 5 6 7 8 9 
BH: 0 2 3 4 5 6 7 8 9 
BH: 0 2 3 4 5 6 7 8 9 
BH: 0 2 3 4 5 6 7 8 9 
BH: 0 2 3 4 5 6 7 8 9 
BH: 0 2 3 4 5 6 7 8 9 
BH: 0 2 3 4 5 6 7 8 9 
BH: 0 2 3 4 5 6 7 8 9 
BH: 0 2 3 4 5 6 7 8 9 
BH: 0 2 3 4 5 6 7 8 9 
BH: 0 2 3 4 5 6 7 8 9 
BH: 0 2 3 4 5 6 7 8 9 
BH: 0 2 3 4 5 6 7 8 9 
BH: 0 2 3 4 5 6 7 8 9 
BH: 0 2 3 4 5 6 7 8 9 
BH: 0 2 3 4 5 6 7 8 9 
BH: 0 2 3 4 5 6 7 8 9 
BH: 0 2 3 4 5 6 7 8 9 
BH: 0 2 3 4 5 6 7 8 9 
BH: 0 2 3 4 5 6 7 8 9 
BH: 0 2 3 4 5 6 7 8 9 
BH: 0 2 3 4 5 6 7 8 9 
BH: 0 2 3 4 5 6 7 8 9 
BH: 0 2 3 4 5 6 7 8 9 
BH: 0 2 3 4 5 6 7 8 9 
BH: 0 2 3 4 5 6 7 8 9 
BH: 0 2 3 4 5 6 7 8 9 
BH: 0 2 3 4 5 6 7 8 9 
BH: 0 2 3 4 5 6 7 8 9 
BH: 0 2 3 4 5 6 7 8 9 
BH: 0 2 3 4 5 6 7 8 9 
BH: 0 2 3 4 5 6 7 8 9 
BH: 0 2 3 4 5 6 7 8 9 
BH: 2 3 4 5 6 7 8 9 
BH: 2 3 4 5 6 7 8 9 
BH: 2 3 4 5 6 7 8 9 
BH: 2 3 4 5 6 7 8 9 
BH: 2 3 4 5 6 7 8 9 
BH: 2 3 4 5 6 7 8 9 
BH: 2 3 4 5 6 7 8 9 
BH: 2 3 4 5 6 7 8 9 
BH: 2 3 4 5 6 7 8 9 
BH: 2 3 4 5 6 7 8 9 
BH: 2 3 4 5 6 7 8 9 
BH: 2 3 4 5 6 7 8 9 
BH: 2 3 4 5 6 7 8 9 
BH: 2 3 4 5 6 7 8 9 
BH: 2 3 4 5 6 7 8 9 
BH: 2 3 4 5 6 7 8 9 
BH: 2 3 4 5 6 7 8 9 
BH: 2 3 4 5 6 7 8 9 
BH: 2 3 4 5 6 7 8 9 
BH: 2 3 4 5 6 7 8 9 
BH: 3 4 5 6 7 8 9 
BH: 3 4 5 6 7 8 9 
BH: 3 4 5 6 7 8 9 
BH: 3 4 5 6 7 8 9 
BH: 3 4 5 6 7 8 9 
BH: 3 4 5 6 7 8 9 
BH: 3 4 5 6 7 8 9 
BH: 3 4 5 6 7 8 9 
BH: 3 4 5 6 7 8 9 
BH: 3 4 5 6 7 8 9 
BH: 4 5 6 7 8 9 
BH: 4 5 6 7 8 9 
BH: 5 6 7 8 9 
BH: 4 5 6 7 8 9 
BH: 4 5 6 7 9 
BH: 0 1 2 3 4 5 6 8 9 
BH: 0 1 2 3 4 5 6 8 9 
BH: 0 1 2 3 4 5 6 8 9 
BH: 0 1 2 3 4 5 6 8 9 
BH: 0 1 2 3 4 5 6 8 9 
BH: 0 1 2 3 4 5 6 8 9 
BH: 0 1 2 3 4 5 6 8 9 
BH: 0 1 2 3 4 5 6 8 9 
BH: 0 1 2 3 4 5 6 8 9 
BH: 0 1 2 3 4 5 6 8 9 
BH: 0 1 2 3 4 5 6 8 9 
BH: 0 1 2 3 4 5 6 8 9 
BH: 0 1 2 3 4 5 6 8 9 
BH: 0 1 2 3 4 5 6 8 9 
BH: 0 1 2 3 4 5 6 8 9 
BH: 0 1 2 3 4 5 6 8 9 
BH: 0 1 2 3 4 5 6 8 9 
BH: 0 1 2 3 4 5 6 8 9 
BH: 0 1 2 3 4 5 6 8 9 
BH: 0 1 2 3 4 5 6 8 9 
BH: 0 1 2 3 4 5 6 8 9 
BH: 0 1 2 3 4 5 6 8 9 
BH: 0 1 2 3 4 5 6 8 9 
BH: 0 1 2 3 4 5 6 8 9 
BH: 0 1 2 3 4 5 6 8 9 
BH: 0 1 2 3 4 5 6 8 9 
BH: 0 1 2 3 4 5 6 8 9 
BH: 0 1 2 3 4 5 6 8 9 
BH: 0 1 2 3 4 5 6 8 9 
BH: 0 1 2 3 4 5 6 8 9 
BH: 0 1 2 3 4 5 6 8 9 
BH: 0 1 2 3 4 5 6 8 9 
BH: 0 1 2 3 4 5 6 8 9 
BH: 0 1 2 3 4 5 6 8 9 
BH: 0 1 2 3 4 5 6 8 9 
BH: 1 2 3 4 5 6 8 9 
BH: 1 2 3 4 5 6 8 9 
BH: 1 2 3 4 5 6 8 9 
BH: 1 2 3 4 5 6 8 9 
BH: 1 2 3 4 5 6 8 9 
BH: 1 2 3 4 5 6 8 9 
BH: 1 2 3 4 5 6 8 9 
BH: 1 2 3 4 5 6 8 9 
BH: 1 2 3 4 5 6 8 9 
BH: 1 2 3 4 5 6 8 9 
BH: 1 2 3 4 5 6 8 9 
BH: 1 2 3 4 5 6 8 9 
BH: 1 2 3 4 5 6 8 9 
BH: 1 2 3 4 5 6 8 9 
BH: 1 2 3 4 5 6 8 9 
BH: 1 2 3 4 5 6 8 9 
BH: 1 2 3 4 5 6 8 9 
BH: 1 2 3 4 5 6 8 9 
BH: 1 2 3 4 5 6 8 9 
BH: 1 2 3 4 5 6 8 9 
BH: 1 2 3 4 5 6 8 9 
BH: 1 2 3 4 5 6 8 9 
BH: 1 2 3 4 5 6 8 9 
BH: 1 2 3 4 5 6 8 9 
BH: 1 2 3 4 5 6 8 9 
BH: 1 2 3 4 5 6 8 9 
BH: 1 2 3 4 5 6 8 9 
BH: 1 2 3 4 5 6 8 9 
BH: 1 2 3 4 5 6 8 9 
BH: 1 2 3 4 5 6 8 9 
BH: 1 2 3 4 5 6 8 9 
BH: 1 2 3 4 5 6 8 9 
BH: 1 2 3 4 5 6 8 9 
BH: 1 2 3 4 5 6 8 9 
BH: 1 2 3 4 5 6 8 9 
BH: 0 2 3 4 5 6 8 9 
BH: 0 2 3 4 5 6 8 9 
BH: 0 2 3 4 5 6 8 9 
BH: 0 2 3 4 5 6 8 9 
BH: 0 2 3 4 5 6 8 9 
BH: 0 2 3 4 5 6 8 9 
BH: 0 2 3 4 5 6 8 9 
BH: 0 2 3 4 5 6 8 9 
BH: 0 2 3 4 5 6 8 9 
BH: 0 2 3 4 5 6 8 9 
BH: 0 2 3 4 5 6 8 9 
BH: 0 2 3 4 5 6 8 9 
BH: 0 2 3 4 5 6 8 9 
BH: 0 2 3 4 5 6 8 9 
BH: 0 2 3 4 5 6 8 9 
BH: 0 2 3 4 5 6 8 9 
BH: 0 2 3 4 5 6 8 9 
BH: 0 2 3 4 5 6 8 9 
BH: 0 2 3 4 5 6 8 9 
BH: 0 2 3 4 5 6 8 9 
BH: 0 2 3 4 5 6 8 9 
BH: 0 2 3 4 5 6 8 9 
BH: 0 2 3 4 5 6 8 9 
BH: 0 2 3 4 5 6 8 9 
BH: 0 2 3 4 5 6 8 9 
BH: 0 2 3 4 5 6 8 9 
BH: 0 2 3 4 5 6 8 9 
BH: 0 2 3 4 5 6 8 9 
BH: 0 2 3 4 5 6 8 9 
BH: 0 2 3 4 5 6 8 9 
BH: 0 2 3 4 5 6 8 9 
BH: 0 2 3 4 5 6 8 9 
BH: 0 2 3 4 5 6 8 9 
BH: 0 2 3 4 5 6 8 9 
BH: 0 2 3 4 5 6 8 9 
BH: 2 3 4 5 6 8 9 
BH: 2 3 4 5 6 8 9 
BH: 2 3 4 5 6 8 9 
BH: 2 3 4 5 6 8 9 
BH: 2 3 4 5 6 8 9 
BH: 2 3 4 5 6 8 9 
BH: 2 3 4 5 6 8 9 
BH: 2 3 4 5 6 8 9 
BH: 2 3 4 5 6 8 9 
BH: 2 3 4 5 6 8 9 
BH: 2 3 4 5 6 8 9 
BH: 2 3 4 5 6 8 9 
BH: 2 3 4 5 6 8 9 
BH: 2 3 4 5 6 8 9 
BH: 2 3 4 5 6 8 9 
BH: 3 4 5 6 8 9 
BH: 3 4 5 6 8 9 
BH: 3 4 5 6 8 9 
BH: 3 4 5 6 8 9 
BH: 3 4 5 6 8 9 
BH: 4 5 6 8 9 
BH: 0 1 2 3 4 5 6 7 8 9 
BH: 0 1 2 3 4 5 6 7 8 9 
BH: 0 1 2 3 4 5 6 7 8 9 
BH: 0 1 2 3 4 5 6 7 8 9 
BH: 0 1 2 3 4 5 6 7 8 9 
BH: 0 1 2 3 4 5 6 7 8 9 
BH: 0 1 2 3 4 5 6 7 8 9 
BH: 0 1 2 3 4 5 6 7 8 9 
BH: 0 1 2 3 4 5 6 7 8 9 
BH: 0 1 2 3 4 5 6 7 8 9 
BH: 0 1 2 3 4 5 6 7 8 9 
BH: 0 1 2 3 4 5 6 7 8 9 
BH: 0 1 2 3 4 5 6 7 8 9 
BH: 0 1 2 3 4 5 6 7 8 9 
BH: 0 1 2 3 4 5 6 7 8 9 
BH: 0 1 2 3 4 5 6 7 8 9 
BH: 0 1 2 3 4 5 6 7 8 9 
BH: 0 1 2 3 4 5 6 7 8 9 
BH: 0 1 2 3 4 5 6 7 8 9 
BH: 0 1 2 3 4 5 6 7 8 9 
BH: 0 1 2 3 4 5 6 7 8 9 
BH: 0 1 2 3 4 5 6 7 8 9 
BH: 0 1 2 3 4 5 6 7 8 9 
BH: 0 1 2 3 4 5 6 7 8 9 
BH: 0 1 2 3 4 5 6 7 8 9 
BH: 0 1 2 3 4 5 6 7 8 9 
BH: 0 1 2 3 4 5 6 7 8 9 
BH: 0 1 2 3 4 5 6 7 8 9 
BH: 0 1 2 3 4 5 6 7 8 9 
BH: 0 1 2 3 4 5 6 7 8 9 
BH: 0 1 2 3 4 5 6 7 8 9 
BH: 0 1 2 3 4 5 6 7 8 9 
BH: 0 1 2 3 4 5 6 7 8 9 
BH: 0 1 2 3 4 5 6 7 8 9 
BH: 0 1 2 3 4 5 6 7 8 9 
BH: 1 2 3 4 5 6 7 8 9 
BH: 1 2 3 4 5 6 7 8 9 
BH: 1 2 3 4 5 6 7 8 9 
BH: 1 2 3 4 5 6 7 8 9 
BH: 1 2 3 4 5 6 7 8 9 
BH: 1 2 3 4 5 6 7 8 9 
BH: 1 2 3 4 5 6 7 8 9 
BH: 1 2 3 4 5 6 7 8 9 
BH: 1 2 3 4 5 6 7 8 9 
BH: 1 2 3 4 5 6 7 8 9 
BH: 1 2 3 4 5 6 7 8 9 
BH: 1 2 3 4 5 6 7 8 9 
BH: 1 2 3 4 5 6 7 8 9 
BH: 1 2 3 4 5 6 7 8 9 
BH: 1 2 3 4 5 6 7 8 9 
BH: 1 2 3 4 5 6 7 8 9 
BH: 1 2 3 4 5 6 7 8 9 
BH: 1 2 3 4 5 6 7 8 9 
BH: 1 2 3 4 5 6 7 8 9 
BH: 1 2 3 4 5 6 7 8 9 
BH: 1 2 3 4 5 6 7 8 9 
BH: 1 2 3 4 5 6 7 8 9 
BH: 1 2 3 4 5 6 7 8 9 
BH: 1 2 3 4 5 6 7 8 9 
BH: 1 2 3 4 5 6 7 8 9 
BH: 1 2 3 4 5 6 7 8 9 
BH: 1 2 3 4 5 6 7 8 9 
BH: 1 2 3 4 5 6 7 8 9 
BH: 1 2 3 4 5 6 7 8 9 
BH: 1 2 3 4 5 6 7 8 9 
BH: 1 2 3 4 5 6 7 8 9 
BH: 1 2 3 4 5 6 7 8 9 
BH: 1 2 3 4 5 6 7 8 9 
BH: 1 2 3 4 5 6 7 8 9 
BH: 1 2 3 4 5 6 7 8 9 
BH: 0 2 3 4 5 6 7 8 9 
BH: 0 2 3 4 5 6 7 8 9 
BH: 0 2 3 4 5 6 7 8 9 
BH: 0 2 3 4 5 6 7 8 9 
BH: 0 2 3 4 5 6 7 8 9 
BH: 0 2 3 4 5 6 7 8 9 
BH: 0 2 3 4 5 6 7 8 9 
BH: 0 2 3 4 5 6 7 8 9 
BH: 0 2 3 4 5 6 7 8 9 
BH: 0 2 3 4 5 6 7 8 9 
BH: 0 2 3 4 5 6 7 8 9 
BH: 0 2 3 4 5 6 7 8 9 
BH: 0 2 3 4 5 6 7 8 9 
BH: 0 2 3 4 5 6 7 8 9 
BH: 0 2 3 4 5 6 7 8 9 
BH: 0 2 3 4 5 6 7 8 9 
BH: 0 2 3 4 5 6 7 8 9 
BH: 0 2 3 4 5 6 7 8 9 
BH: 0 2 3 4 5 6 7 8 9 
BH: 0 2 3 4 5 6 7 8 9 
BH: 0 2 3 4 5 6 7 8 9 
BH: 0 2 3 4 5 6 7 8 9 
BH: 0 2 3 4 5 6 7 8 9 
BH: 0 2 3 4 5 6 7 8 9 
BH: 0 2 3 4 5 6 7 8 9 
BH: 0 2 3 4 5 6 7 8 9 
BH: 0 2 3 4 5 6 7 8 9 
BH: 0 2 3 4 5 6 7 8 9 
BH: 0 2 3 4 5 6 7 8 9 
BH: 0 2 3 4 5 6 7 8 9 
BH: 0 2 3 4 5 6 7 8 9 
BH: 0 2 3 4 5 6 7 8 9 
BH: 0 2 3 4 5 6 7 8 9 
BH: 0 2 3 4 5 6 7 8 9 
BH: 0 2 3 4 5 6 7 8 9 
BH: 2 3 4 5 6 7 8 9 
BH: 2 3 4 5 6 7 8 9 
BH: 2 3 4 5 6 7 8 9 
BH: 2 3 4 5 6 7 8 9 
BH: 2 3 4 5 6 7 8 9 
BH: 2 3 4 5 6 7 8 9 
BH: 2 3 4 5 6 7 8 9 
BH: 2 3 4 5 6 7 8 9 
BH: 2 3 4 5 6 7 8 9 
BH: 2 3 4 5 6 7 8 9 
BH: 2 3 4 5 6 7 8 9 
BH: 2 3 4 5 6 7 8 9 
BH: 2 3 4 5 6 7 8 9 
BH: 2 3 4 5 6 7 8 9 
BH: 2 3 4 5 6 7 8 9 
BH: 3 4 5 6 7 8 9 
BH: 3 4 5 6 7 8 9 
BH: 3 4 5 6 7 8 9 
BH: 3 4 5 6 7 8 9 
BH: 3 4 5 6 7 8 9 
BH: 4 5 6 7 8 9 
BH: 0 1 2 3 4 5 6 8 9 
BH: 0 1 2 3 4 5 6 8 9 
BH: 0 1 2 3 4 5 6 8 9 
BH: 0 1 2 3 4 5 6 8 9 
BH: 0 1 2 3 4 5 6 8 9 
BH: 0 1 2 3 4 5 6 8 9 
BH: 0 1 2 3 4 5 6 8 9 
BH: 0 1 2 3 4 5 6 8 9 
BH: 0 1 2 3 4 5 6 8 9 
BH: 0 1 2 3 4 5 6 8 9 
BH: 0 1 2 3 4 5 6 8 9 
BH: 0 1 2 3 4 5 6 8 9 
BH: 0 1 2 3 4 5 6 8 9 
BH: 0 1 2 3 4 5 6 8 9 
BH: 0 1 2 3 4 5 6 8 9 
BH: 0 1 2 3 4 5 6 8 9 
BH: 0 1 2 3 4 5 6 8 9 
BH: 0 1 2 3 4 5 6 8 9 
BH: 0 1 2 3 4 5 6 8 9 
BH: 0 1 2 3 4 5 6 8 9 
BH: 0 1 2 3 4 5 6 8 9 
BH: 0 1 2 3 4 5 6 8 9 
BH: 0 1 2 3 4 5 6 8 9 
BH: 0 1 2 3 4 5 6 8 9 
BH: 0 1 2 3 4 5 6 8 9 
BH: 0 1 2 3 4 5 6 8 9 
BH: 0 1 2 3 4 5 6 8 9 
BH: 0 1 2 3 4 5 6 8 9 
BH: 0 1 2 3 4 5 6 8 9 
BH: 0 1 2 3 4 5 6 8 9 
BH: 0 1 2 3 4 5 6 8 9 
BH: 0 1 2 3 4 5 6 8 9 
BH: 0 1 2 3 4 5 6 8 9 
BH: 0 1 2 3 4 5 6 8 9 
BH: 0 1 2 3 4 5 6 8 9 
BH: 1 2 3 4 5 6 8 9 
BH: 1 2 3 4 5 6 8 9 
BH: 1 2 3 4 5 6 8 9 
BH: 1 2 3 4 5 6 8 9 
BH: 1 2 3 4 5 6 8 9 
BH: 1 2 3 4 5 6 8 9 
BH: 1 2 3 4 5 6 8 9 
BH: 1 2 3 4 5 6 8 9 
BH: 1 2 3 4 5 6 8 9 
BH: 1 2 3 4 5 6 8 9 
BH: 1 2 3 4 5 6 8 9 
BH: 1 2 3 4 5 6 8 9 
BH: 1 2 3 4 5 6 8 9 
BH: 1 2 3 4 5 6 8 9 
BH: 1 2 3 4 5 6 8 9 
BH: 1 2 3 4 5 6 8 9 
BH: 1 2 3 4 5 6 8 9 
BH: 1 2 3 4 5 6 8 9 
BH: 1 2 3 4 5 6 8 9 
BH: 1 2 3 4 5 6 8 9 
BH: 1 2 3 4 5 6 8 9 
BH: 0 2 3 4 5 6 8 9 
BH: 0 2 3 4 5 6 8 9 
BH: 0 2 3 4 5 6 8 9 
BH: 0 2 3 4 5 6 8 9 
BH: 0 2 3 4 5 6 8 9 
BH: 0 2 3 4 5 6 8 9 
BH: 0 2 3 4 5 6 8 9 
BH: 0 2 3 4 5 6 8 9 
BH: 0 2 3 4 5 6 8 9 
BH: 0 2 3 4 5 6 8 9 
BH: 0 2 3 4 5 6 8 9 
BH: 0 2 3 4 5 6 8 9 
BH: 0 2 3 4 5 6 8 9 
BH: 0 2 3 4 5 6 8 9 
BH: 0 2 3 4 5 6 8 9 
BH: 0 2 3 4 5 6 8 9 
BH: 0 2 3 4 5 6 8 9 
BH: 0 2 3 4 5 6 8 9 
BH: 0 2 3 4 5 6 8 9 
BH: 0 2 3 4 5 6 8 9 
BH: 0 2 3 4 5 6 8 9 
BH: 2 3 4 5 6 8 9 
BH: 2 3 4 5 6 8 9 
BH: 2 3 4 5 6 8 9 
BH: 2 3 4 5 6 8 9 
BH: 2 3 4 5 6 8 9 
BH: 2 3 4 5 6 8 9 
BH: 3 4 5 6 8 9 
BH: 0 1 2 3 4 5 6 7 8 9 
BH: 0 1 2 3 4 5 6 7 8 9 
BH: 0 1 2 3 4 5 6 7 8 9 
BH: 0 1 2 3 4 5 6 7 8 9 
BH: 0 1 2 3 4 5 6 7 8 9 
BH: 0 1 2 3 4 5 6 7 8 9 
BH: 0 1 2 3 4 5 6 7 8 9 
BH: 0 1 2 3 4 5 6 7 8 9 
BH: 0 1 2 3 4 5 6 7 8 9 
BH: 0 1 2 3 4 5 6 7 8 9 
BH: 0 1 2 3 4 5 6 7 8 9 
BH: 0 1 2 3 4 5 6 7 8 9 
BH: 0 1 2 3 4 5 6 7 8 9 
BH: 0 1 2 3 4 5 6 7 8 9 
BH: 0 1 2 3 4 5 6 7 8 9 
BH: 0 1 2 3 4 5 6 7 8 9 
BH: 0 1 2 3 4 5 6 7 8 9 
BH: 0 1 2 3 4 5 6 7 8 9 
BH: 0 1 2 3 4 5 6 7 8 9 
BH: 0 1 2 3 4 5 6 7 8 9 
BH: 0 1 2 3 4 5 6 7 8 9 
BH: 0 1 2 3 4 5 6 7 8 9 
BH: 0 1 2 3 4 5 6 7 8 9 
BH: 0 1 2 3 4 5 6 7 8 9 
BH: 0 1 2 3 4 5 6 7 8 9 
BH: 0 1 2 3 4 5 6 7 8 9 
BH: 0 1 2 3 4 5 6 7 8 9 
BH: 0 1 2 3 4 5 6 7 8 9 
BH: 0 1 2 3 4 5 6 7 8 9 
BH: 0 1 2 3 4 5 6 7 8 9 
BH: 0 1 2 3 4 5 6 7 8 9 
BH: 0 1 2 3 4 5 6 7 8 9 
BH: 0 1 2 3 4 5 6 7 8 9 
BH: 0 1 2 3 4 5 6 7 8 9 
BH: 0 1 2 3 4 5 6 7 8 9 
BH: 1 2 3 4 5 6 7 8 9 
BH: 1 2 3 4 5 6 7 8 9 
BH: 1 2 3 4 5 6 7 8 9 
BH: 1 2 3 4 5 6 7 8 9 
BH: 1 2 3 4 5 6 7 8 9 
BH: 1 2 3 4 5 6 7 8 9 
BH: 1 2 3 4 5 6 7 8 9 
BH: 1 2 3 4 5 6 7 8 9 
BH: 1 2 3 4 5 6 7 8 9 
BH: 1 2 3 4 5 6 7 8 9 
BH: 1 2 3 4 5 6 7 8 9 
BH: 1 2 3 4 5 6 7 8 9 
BH: 1 2 3 4 5 6 7 8 9 
BH: 1 2 3 4 5 6 7 8 9 
BH: 1 2 3 4 5 6 7 8 9 
BH: 1 2 3 4 5 6 7 8 9 
BH: 1 2 3 4 5 6 7 8 9 
BH: 1 2 3 4 5 6 7 8 9 
BH: 1 2 3 4 5 6 7 8 9 
BH: 1 2 3 4 5 6 7 8 9 
BH: 1 2 3 4 5 6 7 8 9 
BH: 0 2 3 4 5 6 7 8 9 
BH: 0 2 3 4 5 6 7 8 9 
BH: 0 2 3 4 5 6 7 8 9 
BH: 0 2 3 4 5 6 7 8 9 
BH: 0 2 3 4 5 6 7 8 9 
BH: 0 2 3 4 5 6 7 8 9 
BH: 0 2 3 4 5 6 7 8 9 
BH: 0 2 3 4 5 6 7 8 9 
BH: 0 2 3 4 5 6 7 8 9 
BH: 0 2 3 4 5 6 7 8 9 
BH: 0 2 3 4 5 6 7 8 9 
BH: 0 2 3 4 5 6 7 8 9 
BH: 0 2 3 4 5 6 7 8 9 
BH: 0 2 3 4 5 6 7 8 9 
BH: 0 2 3 4 5 6 7 8 9 
BH: 0 2 3 4 5 6 7 8 9 
BH: 0 2 3 4 5 6 7 8 9 
BH: 0 2 3 4 5 6 7 8 9 
BH: 0 2 3 4 5 6 7 8 9 
BH: 0 2 3 4 5 6 7 8 9 
BH: 0 2 3 4 5 6 7 8 9 
BH: 2 3 4 5 6 7 8 9 
BH: 2 3 4 5 6 7 8 9 
BH: 2 3 4 5 6 7 8 9 
BH: 2 3 4 5 6 7 8 9 
BH: 2 3 4 5 6 7 8 9 
BH: 2 3 4 5 6 7 8 9 
BH: 3 4 5 6 7 8 9 
BH: 0 1 2 3 4 5 6 8 9 
BH: 0 1 2 3 4 5 6 8 9 
BH: 0 1 2 3 4 5 6 8 9 
BH: 0 1 2 3 4 5 6 8 9 
BH: 0 1 2 3 4 5 6 8 9 
BH: 0 1 2 3 4 5 6 8 9 
BH: 0 1 2 3 4 5 6 8 9 
BH: 0 1 2 3 4 5 6 8 9 
BH: 0 1 2 3 4 5 6 8 9 
BH: 0 1 2 3 4 5 6 8 9 
BH: 0 1 2 3 4 5 6 8 9 
BH: 0 1 2 3 4 5 6 8 9 
BH: 0 1 2 3 4 5 6 8 9 
BH: 0 1 2 3 4 5 6 8 9 
BH: 0 1 2 3 4 5 6 8 9 
BH: 0 1 2 3 4 5 6 8 9 
BH: 0 1 2 3 4 5 6 8 9 
BH: 0 1 2 3 4 5 6 8 9 
BH: 0 1 2 3 4 5 6 8 9 
BH: 0 1 2 3 4 5 6 8 9 
BH: 0 1 2 3 4 5 6 8 9 
BH: 1 2 3 4 5 6 8 9 
BH: 1 2 3 4 5 6 8 9 
BH: 1 2 3 4 5 6 8 9 
BH: 1 2 3 4 5 6 8 9 
BH: 1 2 3 4 5 6 8 9 
BH: 1 2 3 4 5 6 8 9 
BH: 1 2 3 4 5 6 8 9 
BH: 0 2 3 4 5 6 8 9 
BH: 0 2 3 4 5 6 8 9 
BH: 0 2 3 4 5 6 8 9 
BH: 0 2 3 4 5 6 8 9 
BH: 0 2 3 4 5 6 8 9 
BH: 0 2 3 4 5 6 8 9 
BH: 0 2 3 4 5 6 8 9 
BH: 2 3 4 5 6 8 9 
BH: 0 1 2 3 4 5 6 7 8 9 
BH: 0 1 2 3 4 5 6 7 8 9 
BH: 0 1 2 3 4 5 6 7 8 9 
BH: 0 1 2 3 4 5 6 7 8 9 
BH: 0 1 2 3 4 5 6 7 8 9 
BH: 0 1 2 3 4 5 6 7 8 9 
BH: 0 1 2 3 4 5 6 7 8 9 
BH: 0 1 2 3 4 5 6 7 8 9 
BH: 0 1 2 3 4 5 6 7 8 9 
BH: 0 1 2 3 4 5 6 7 8 9 
BH: 0 1 2 3 4 5 6 7 8 9 
BH: 0 1 2 3 4 5 6 7 8 9 
BH: 0 1 2 3 4 5 6 7 8 9 
BH: 0 1 2 3 4 5 6 7 8 9 
BH: 0 1 2 3 4 5 6 7 8 9 
BH: 0 1 2 3 4 5 6 7 8 9 
BH: 0 1 2 3 4 5 6 7 8 9 
BH: 0 1 2 3 4 5 6 7 8 9 
BH: 0 1 2 3 4 5 6 7 8 9 
BH: 0 1 2 3 4 5 6 7 8 9 
BH: 0 1 2 3 4 5 6 7 8 9 
BH: 1 2 3 4 5 6 7 8 9 
BH: 1 2 3 4 5 6 7 8 9 
BH: 1 2 3 4 5 6 7 8 9 
BH: 1 2 3 4 5 6 7 8 9 
BH: 1 2 3 4 5 6 7 8 9 
BH: 1 2 3 4 5 6 7 8 9 
BH: 1 2 3 4 5 6 7 8 9 
BH: 0 2 3 4 5 6 7 8 9 
BH: 0 2 3 4 5 6 7 8 9 
BH: 0 2 3 4 5 6 7 8 9 
BH: 0 2 3 4 5 6 7 8 9 
BH: 0 2 3 4 5 6 7 8 9 
BH: 0 2 3 4 5 6 7 8 9 
BH: 0 2 3 4 5 6 7 8 9 
BH: 2 3 4 5 6 7 8 9 
BH: 0 1 2 3 4 5 6 8 9 
BH: 0 1 2 3 4 5 6 8 9 
BH: 0 1 2 3 4 5 6 8 9 
BH: 0 1 2 3 4 5 6 8 9 
BH: 0 1 2 3 4 5 6 8 9 
BH: 0 1 2 3 4 5 6 8 9 
BH: 0 1 2 3 4 5 6 8 9 
BH: 1 2 3 4 5 6 8 9 
BH: 0 2 3 4 5 6 8 9 
BH: 0 1 2 3 4 5 6 7 8 9 
BH: 0 1 2 3 4 5 6 7 8 9 
BH: 0 1 2 3 4 5 6 7 8 9 
BH: 0 1 2 3 4 5 6 7 8 9 
BH: 0 1 2 3 4 5 6 7 8 9 
BH: 0 1 2 3 4 5 6 7 8 9 
BH: 0 1 2 3 4 5 6 7 8 9 
BH: 1 2 3 4 5 6 7 8 9 
BH: 0 2 3 4 5 6 7 8 9 
BH: 0 1 2 3 4 5 6 8 9 
BH: 0 1 2 3 4 5 6 7 8 9 
It took me: 0.00609454 seconds
