P: 1 9 10 
C: 1 9 10 
BH_C: 1 
BH_C: 9 
BH_C: 10 
F: 
P: 0 1 2 3 9 10 
C: 0 1 2 9 10 
BH_C: 0 1 
BH_C: 1 2 
F: 1 9 10 
P: 0 1 2 3 4 5 6 7 8 9 10 12 
C: 0 1 2 8 9 10 
BH_C: 8 9 10 
F: 0 1 2 9 10 
BH_F: 0 1 2 
P: 0 1 2 3 4 5 6 7 8 9 10 11 12 
C: 0 1 2 3 4 5 6 7 8 9 10 11 12 
F: 0 1 2 8 9 10 
P: 0 1 2 3 4 5 6 7 8 9 10 11 12 
C: 0 1 2 3 4 5 6 7 8 9 10 11 12 
F: 0 1 2 8 9 10 
P: 0 1 2 3 4 5 6 7 8 9 10 11 12 
C: 0 1 2 3 4 5 6 7 8 9 10 11 12 
F: 0 1 2 8 9 10 
P: 0 1 2 3 4 5 6 7 8 9 10 11 12 
C: 0 1 2 3 4 5 6 7 8 9 10 11 12 
F: 0 1 2 8 9 10 
P: 0 1 2 3 4 5 6 7 8 9 10 11 12 
C: 0 1 2 3 4 5 6 7 8 9 10 11 12 
F: 0 1 2 8 9 10 
P: 0 1 2 3 4 5 6 7 8 9 10 11 12 
C: 0 1 2 3 4 5 6 7 8 9 10 11 12 
BH_C: 0 1 3 6 8 9 10 11 12 
BH_C: 0 1 3 6 8 9 10 11 12 
BH_C: 0 1 3 6 8 9 10 11 12 
BH_C: 0 1 3 6 8 9 10 11 12 
F: 0 1 2 8 9 10 
P: 0 1 2 3 4 5 6 7 8 9 10 11 12 
C: 0 1 2 3 4 5 6 7 8 9 10 11 12 
BH_C: 0 1 3 4 6 8 9 10 11 12 
F: 0 1 2 3 6 8 9 10 11 12 
BH_F: 0 1 2 3 6 8 9 10 11 12 
P: 0 1 2 3 4 5 6 7 8 9 10 11 12 
C: 0 1 2 3 4 5 6 7 8 9 10 11 12 
BH_C: 0 1 3 4 5 6 8 9 10 11 12 
BH_C: 0 1 3 4 6 7 8 9 10 11 12 
F: 0 1 2 3 4 6 8 9 10 11 12 
BH_F: 0 1 2 3 4 6 8 9 10 11 12 
P: 0 1 2 3 4 5 6 7 8 9 10 11 12 
C: 0 1 2 3 4 5 6 7 8 9 10 11 12 
F: 0 1 2 3 4 5 6 7 8 9 10 11 12 
P: 0 1 2 3 4 5 6 7 8 9 10 11 12 
C: 0 1 2 3 4 5 6 7 8 9 10 11 12 
F: 0 1 2 3 4 5 6 7 8 9 10 11 12 
BH_F: 0 1 2 3 4 5 6 7 8 9 10 11 12 
It took me: 0.00344149 seconds
