tet pMV N = 1000000 N=100 My=100 Kz = 100 niter = 100 
pMV 1  1.143  1.302 1.000000
pMV 2  0.578  2.574 1.976681
pMV 3  0.392  3.796 2.915233
pMV 4  0.297  5.015 3.851510
pMV 5  0.240  6.193 4.756661
pMV 6  0.256  5.819 4.469707
pMV 7  0.182  8.174 6.278247
pMV 8  0.229  6.501 4.993375
pMV 9  0.149  9.999 7.679633
pMV 10  0.129 11.507 8.837986
pMV 11  0.172  8.651 6.644624
pMV 12  0.161  9.246 7.101353
pMV 13  0.150  9.922 7.621015
pMV 14  0.140 10.657 8.185333
pMV 15  0.132 11.231 8.625816
pMV 16  0.125 11.880 9.124874
pMV 17  0.147 10.145 7.791965
pMV 18  0.114 13.058 10.029117
pMV 19  0.112 13.268 10.190947
pMV 20  0.160  9.293 7.137863
pMV 21  0.152  9.770 7.504121
pMV 22  0.153  9.723 7.467650
pMV 23  0.145 10.272 7.889748
pMV 24  0.139 10.694 8.213922
pMV 25  0.136 10.923 8.389261
pMV 26  0.133 11.157 8.569489
pMV 27  0.129 11.511 8.841040
pMV 28  0.126 11.810 9.071148
pMV 29  0.126 11.855 9.105552
pMV 30  0.129 11.540 8.863183
pMV 31  0.127 11.746 9.021673
pMV 32  0.121 12.338 9.476393
pMV 33  0.126 11.820 9.078535
pMV 34  0.118 12.634 9.703776
pMV 35  0.112 13.261 10.185549
pMV 36  0.112 13.344 10.249054
pMV 37  0.115 12.920 9.923591
pMV 38  0.112 13.255 10.180877
pMV 39  0.114 13.103 10.064348
pMV 40  0.157  9.459 7.265293
pMV 41  0.159  9.371 7.197740
pMV 42  0.156  9.538 7.326066
pMV 43  0.152  9.819 7.541318
pMV 44  0.147 10.132 7.781762
pMV 45  0.144 10.344 7.944702
pMV 46  0.141 10.582 8.127499
pMV 47  0.139 10.732 8.242897
pMV 48  0.137 10.875 8.353092
pMV 49  0.141 10.546 8.100035
pMV 50  0.137 10.887 8.362240
pMV 51  0.133 11.178 8.585384
pMV 52  0.134 11.124 8.543778
pMV 53  0.133 11.198 8.600664
pMV 54  0.133 11.189 8.594059
pMV 55  0.135 11.043 8.481931
pMV 56  0.129 11.547 8.868646
pMV 57  0.126 11.851 9.102446
pMV 58  0.123 12.053 9.257511
pMV 59  0.126 11.791 9.055981
pMV 60  0.124 12.032 9.241215
pMV 61  0.142 10.473 8.043964
pMV 62  0.138 10.766 8.268771
pMV 63  0.137 10.888 8.363101
pMV 64  0.132 11.239 8.632323
pMV 65  0.131 11.326 8.698788
pMV 66  0.127 11.679 8.970407
pMV 67  0.125 11.895 9.136169
pMV 68  0.126 11.771 9.040787
pMV 69  0.126 11.798 9.061991
pMV 70  0.126 11.852 9.103281
pMV 71  0.130 11.443 8.788699
pMV 72  0.125 11.866 9.114202
pMV 73  0.144 10.336 7.938888
pMV 74  0.128 11.653 8.950357
pMV 75  0.125 11.945 9.174646
pMV 76  0.123 12.144 9.327493
pMV 77  0.124 12.005 9.220940
pMV 78  0.124 11.971 9.194893
pMV 79  0.123 12.079 9.277236
pMV 80  0.124 11.990 9.209493
tet apby N = 1000000 N=100 My=100 Kz = 100 niter = 1000 
apby 1  0.833  3.599 1.000000
apby 2  0.370  8.108 2.252602
apby 3  0.473  6.344 1.762486
apby 4  0.166 18.104 5.029870
apby 5  0.168 17.900 4.973209
apby 6  0.241 12.462 3.462167
apby 7  0.210 14.294 3.971215
apby 8  0.113 26.519 7.367714
apby 9  0.167 17.927 4.980520
apby 10  0.078 38.279 10.635083
apby 11  0.183 16.359 4.544869
apby 12  0.168 17.903 4.973835
apby 13  0.162 18.549 5.153440
apby 14  0.151 19.825 5.508042
apby 15  0.144 20.877 5.800265
apby 16  0.083 36.172 10.049649
apby 17  0.128 23.374 6.494037
apby 18  0.123 24.300 6.751131
apby 19  0.119 25.186 6.997466
apby 20  0.072 41.669 11.576907
apby 21  0.112 26.840 7.456854
apby 22  0.107 28.015 7.783437
apby 23  0.102 29.450 8.182140
apby 24  0.101 29.812 8.282600
apby 25  0.089 33.664 9.352704
apby 26  0.094 31.781 8.829609
apby 27  0.094 31.854 8.849901
apby 28  0.089 33.614 9.338792
apby 29  0.090 33.472 9.299415
apby 30  0.089 33.589 9.331882
apby 31  0.084 35.857 9.962203
apby 32  0.083 36.241 10.068890
apby 33  0.089 33.767 9.381367
apby 34  0.086 34.926 9.703410
apby 35  0.085 35.161 9.768763
apby 36  0.084 35.699 9.918161
apby 37  0.079 38.137 10.595540
apby 38  0.076 39.371 10.938397
apby 39  0.083 35.984 9.997311
apby 40  0.070 42.686 11.859374
apby 41  0.085 35.492 9.860795
apby 42  0.091 32.980 9.162785
apby 43  0.088 34.181 9.496413
apby 44  0.087 34.302 9.530152
apby 45  0.089 33.561 9.324206
apby 46  0.085 35.339 9.818258
apby 47  0.083 35.984 9.997354
apby 48  0.089 33.651 9.349100
apby 49  0.081 36.995 10.278187
apby 50  0.086 34.857 9.684324
apby 51  0.087 34.431 9.565930
apby 52  0.089 33.609 9.337404
apby 53  0.081 36.829 10.232073
apby 54  0.081 36.901 10.252266
apby 55  0.087 34.305 9.530834
apby 56  0.089 33.755 9.378084
apby 57  0.087 34.479 9.579199
apby 58  0.089 33.785 9.386409
apby 59  0.089 33.694 9.361036
apby 60  0.090 33.187 9.220158
apby 61  0.091 32.819 9.117909
apby 62  0.094 31.972 8.882621
apby 63  0.094 32.034 8.900035
apby 64  0.094 31.832 8.843792
apby 65  0.093 32.294 8.972064
apby 66  0.093 32.382 8.996536
apby 67  0.093 32.158 8.934332
apby 68  0.093 32.222 8.952108
apby 69  0.083 36.120 10.035254
apby 70  0.082 36.409 10.115487
apby 71  0.094 32.049 8.904227
apby 72  0.082 36.439 10.123774
apby 73  0.082 36.666 10.186777
apby 74  0.094 32.003 8.891428
apby 75  0.083 36.339 10.095870
apby 76  0.095 31.593 8.777361
apby 77  0.095 31.445 8.736210
apby 78  0.083 36.229 10.065502
apby 79  0.096 31.134 8.649767
apby 80  0.096 31.365 8.714207
tet dot N = 1000000 N=100 My=100 Kz = 100 niter = 1000 
dot 1  1.535  1.303 1.000000
dot 2  0.752  2.660 2.041860
dot 3  0.500  3.998 3.068364
dot 4  0.377  5.299 4.067014
dot 5  0.304  6.570 5.042370
dot 6  0.254  7.871 6.041147
dot 7  0.219  9.135 7.011379
dot 8  0.194 10.296 7.902159
dot 9  0.174 11.492 8.820182
dot 10  0.159 12.546 9.629452
dot 11  0.146 13.720 10.530429
dot 12  0.135 14.785 11.347324
dot 13  0.126 15.845 12.161167
dot 14  0.118 16.884 12.958677
dot 15  0.112 17.836 13.689183
dot 16  0.106 18.854 14.470228
dot 17  0.102 19.620 15.058168
dot 18  0.102 19.702 15.121280
dot 19  0.098 20.498 15.732366
dot 20  0.094 21.174 16.251245
dot 21  0.103 19.443 14.922282
dot 22  0.102 19.649 15.081062
dot 23  0.099 20.140 15.457777
dot 24  0.097 20.660 15.856678
dot 25  0.095 21.119 16.208634
dot 26  0.093 21.587 16.568339
dot 27  0.090 22.178 17.021418
dot 28  0.088 22.647 17.381462
dot 29  0.087 23.074 17.709620
dot 30  0.085 23.422 17.976155
dot 31  0.084 23.927 18.364511
dot 32  0.082 24.340 18.681264
dot 33  0.075 26.804 20.572183
dot 34  0.080 24.936 19.138798
dot 35  0.080 25.096 19.261136
dot 36  0.073 27.339 20.983232
dot 37  0.079 25.312 19.427113
dot 38  0.079 25.438 19.523969
dot 39  0.073 27.529 21.128964
dot 40  0.106 18.934 14.531951
dot 41  0.107 18.740 14.383217
dot 42  0.102 19.687 15.109575
dot 43  0.103 19.477 14.948722
dot 44  0.102 19.667 15.094283
dot 45  0.101 19.776 15.177920
dot 46  0.095 21.018 16.131144
dot 47  0.094 21.329 16.370211
dot 48  0.098 20.486 15.723475
dot 49  0.092 21.855 16.773856
dot 50  0.096 20.802 15.965879
dot 51  0.095 20.971 16.095311
dot 52  0.095 21.162 16.242183
dot 53  0.088 22.631 17.369756
dot 54  0.088 22.845 17.533915
dot 55  0.093 21.511 16.509999
dot 56  0.093 21.566 16.551772
dot 57  0.092 21.662 16.625763
dot 58  0.092 21.782 16.717604
dot 59  0.092 21.827 16.752529
dot 60  0.091 21.881 16.794079
dot 61  0.094 21.185 16.259674
dot 62  0.095 21.104 16.197190
dot 63  0.095 20.989 16.109395
dot 64  0.095 20.944 16.074284
dot 65  0.096 20.817 15.977414
dot 66  0.096 20.848 16.000721
dot 67  0.096 20.889 16.032150
dot 68  0.096 20.883 16.027930
dot 69  0.089 22.555 17.311274
dot 70  0.089 22.477 17.251371
dot 71  0.098 20.493 15.728154
dot 72  0.090 22.182 17.024706
dot 73  0.091 22.065 16.935178
dot 74  0.103 19.420 14.905094
dot 75  0.095 21.126 16.214380
dot 76  0.097 20.692 15.880864
dot 77  0.107 18.761 14.399290
dot 78  0.101 19.812 15.205616
dot 79  0.104 19.149 14.697031
dot 80  0.116 17.307 13.283148
olver 100 100 100
olver_BiCGTAB:  1  0.727  1.933 
olver_BiCGTAB:  2  0.445  3.160 
olver_BiCGTAB:  3  0.299  4.693 
olver_BiCGTAB:  4  0.197  7.118 
olver_BiCGTAB:  5  0.184  7.645 
olver_BiCGTAB:  6  0.202  6.968 
olver_BiCGTAB:  7  0.175  8.028 
olver_BiCGTAB:  8  0.116 12.074 
olver_BiCGTAB:  9  0.132 10.657 
olver_BiCGTAB:  10  0.105 13.419 
olver_BiCGTAB:  11  0.168  8.379 
olver_BiCGTAB:  12  0.158  8.886 
olver_BiCGTAB:  13  0.158  8.911 
olver_BiCGTAB:  14  0.137 10.236 
olver_BiCGTAB:  15  0.128 10.983 
olver_BiCGTAB:  16  0.098 14.267 
olver_BiCGTAB:  17  0.128 10.946 
olver_BiCGTAB:  18  0.122 11.524 
olver_BiCGTAB:  19  0.120 11.670 
olver_BiCGTAB:  20  0.126 11.123 
olver_BiCGTAB:  21  0.118 11.951 
olver_BiCGTAB:  22  0.122 11.545 
olver_BiCGTAB:  23  0.109 12.872 
olver_BiCGTAB:  24  0.109 12.950 
olver_BiCGTAB:  25  0.114 12.362 
olver_BiCGTAB:  26  0.109 12.928 
olver_BiCGTAB:  27  0.109 12.857 
olver_BiCGTAB:  28  0.106 13.264 
olver_BiCGTAB:  29  0.104 13.504 
olver_BiCGTAB:  30  0.101 13.868 
olver_BiCGTAB:  31  0.134 10.458 
olver_BiCGTAB:  32  0.128 11.021 
olver_BiCGTAB:  33  0.126 11.163 
olver_BiCGTAB:  34  0.128 11.014 
olver_BiCGTAB:  35  0.126 11.192 
olver_BiCGTAB:  36  0.124 11.289 
olver_BiCGTAB:  37  0.120 11.687 
olver_BiCGTAB:  38  0.118 11.918 
olver_BiCGTAB:  39  0.115 12.197 
olver_BiCGTAB:  40  0.116 12.145 
olver_BiCGTAB:  41  0.128 10.995 
olver_BiCGTAB:  42  0.130 10.781 
olver_BiCGTAB:  43  0.133 10.589 
olver_BiCGTAB:  44  0.129 10.854 
olver_BiCGTAB:  45  0.135 10.428 
olver_BiCGTAB:  46  0.127 11.108 
olver_BiCGTAB:  47  0.132 10.686 
olver_BiCGTAB:  48  0.126 11.170 
olver_BiCGTAB:  49  0.122 11.555 
olver_BiCGTAB:  50  0.128 10.962 
olver_BiCGTAB:  51  0.122 11.484 
olver_BiCGTAB:  52  0.126 11.155 
olver_BiCGTAB:  53  0.117 11.973 
olver_BiCGTAB:  54  0.116 12.112 
olver_BiCGTAB:  55  0.110 12.799 
olver_BiCGTAB:  56  0.112 12.562 
olver_BiCGTAB:  57  0.110 12.783 
olver_BiCGTAB:  58  0.111 12.606 
olver_BiCGTAB:  59  0.110 12.723 
olver_BiCGTAB:  60  0.109 12.891 
olver_BiCGTAB:  61  0.109 12.867 
olver_BiCGTAB:  62  0.106 13.307 
olver_BiCGTAB:  63  0.109 12.879 
olver_BiCGTAB:  64  0.112 12.524 
olver_BiCGTAB:  65  0.107 13.090 
olver_BiCGTAB:  66  0.106 13.234 
olver_BiCGTAB:  67  0.117 12.000 
olver_BiCGTAB:  68  0.112 12.574 
olver_BiCGTAB:  69  0.103 13.705 
olver_BiCGTAB:  70  0.108 13.050 
olver_BiCGTAB:  71  0.107 13.176 
olver_BiCGTAB:  72  0.104 13.484 
olver_BiCGTAB:  73  0.111 12.646 
olver_BiCGTAB:  74  0.110 12.809 
olver_BiCGTAB:  75  0.103 13.709 
olver_BiCGTAB:  76  0.108 12.954 
olver_BiCGTAB:  77  0.112 12.566 
olver_BiCGTAB:  78  0.108 13.048 
olver_BiCGTAB:  79  0.106 13.297 
olver_BiCGTAB:  80  0.112 12.558 