
tet p MV N = 10000 N=100 My=10 Kz = 10 niter = 100 
pMV 1  0.011  1.302  1.000000
pMV 2  0.006  2.507  1.925907
pMV 3  0.004  3.515  2.699767
pMV 4  0.003  4.529  3.478413
pMV 5  0.003  5.374  4.127536
pMV 6  0.002  6.090  4.677549
pMV 7  0.002  5.885  4.520362
pMV 8  0.002  6.017  4.621929
pMV 9  0.002  7.458  5.728591
pMV 10  0.002  5.952  4.571755
pMV 11  0.002  5.711  4.386847
pMV 12  0.002  6.596  5.066080
pMV 13  0.003  5.342  4.103100
pMV 14  0.002  7.063  5.425014
pMV 15  0.002  7.361  5.653738
pMV 16  0.002  7.277  5.589117
pMV 17  0.003  5.209  4.001075
pMV 18  0.003  5.226  4.014367
pMV 19  0.003  5.320  4.086583
pMV 20  0.002  6.288  4.829799
pMV 21  0.003  4.906  3.768012
pMV 22  0.003  4.740  3.641039
pMV 23  0.002  6.068  4.661049
pMV 24  0.003  4.512  3.465778
pMV 25  0.003  4.485  3.444690
pMV 26  0.003  4.329  3.325366
pMV 27  0.004  3.505  2.692395
pMV 28  0.003  4.193  3.220634
pMV 29  0.003  4.163  3.197302
pMV 30  0.003  4.153  3.189757
pMV 31  0.004  4.009  3.079397
pMV 32  0.004  3.962  3.042875
pMV 33  0.004  3.922  3.012083
pMV 34  0.004  3.836  2.946594
pMV 35  0.002  6.270  4.816084
pMV 36  0.002  6.289  4.830163
pMV 37  0.002  6.023  4.625895
pMV 38  0.003  5.200  3.994397
pMV 39  0.003  4.974  3.820435
pMV 40  0.004  3.393  2.606465
pMV 41  0.003  5.085  3.905829
pMV 42  0.003  5.035  3.867241
pMV 43  0.004  3.189  2.449639
pMV 44  0.003  5.104  3.920475
pMV 45  0.003  5.019  3.854777
pMV 46  0.005  3.042  2.336171
pMV 47  0.003  5.017  3.853388
pMV 48  0.003  4.825  3.705708
pMV 49  0.005  2.927  2.248476
pMV 50  0.003  4.948  3.800648
pMV 51  0.003  4.730  3.632699
pMV 52  0.003  4.718  3.624135
pMV 53  0.003  4.647  3.569327
pMV 54  0.003  4.578  3.516539
pMV 55  0.003  4.528  3.477783
pMV 56  0.003  4.432  3.404340
pMV 57  0.006  2.527  1.940861
pMV 58  0.003  4.323  3.320081
pMV 59  0.003  4.166  3.199610
pMV 60  0.006  2.395  1.839769
pMV 61  0.004  3.991  3.065133
pMV 62  0.004  3.832  2.942948
pMV 63  0.004  3.768  2.894437
pMV 64  0.004  3.605  2.769129
pMV 65  0.006  2.186  1.678820
pMV 66  0.007  2.148  1.650052
pMV 67  0.004  3.450  2.650232
pMV 68  0.007  2.044  1.570169
pMV 69  0.004  3.253  2.498950
pMV 70  0.005  3.138  2.410191
pMV 71  0.007  1.896  1.456263
pMV 72  0.005  3.051  2.343749
pMV 73  0.005  2.875  2.207871
pMV 74  0.008  1.819  1.397339
pMV 75  0.005  2.700  2.073532
pMV 76  0.006  2.563  1.968526
pMV 77  0.008  1.697  1.303819
pMV 78  0.006  2.355  1.808773
pMV 79  0.007  2.116  1.625603
pMV 80  0.009  1.536  1.179669
tet apby N = 10000 N=100 My=10 Kz = 10 niter = 1000 
apby 1  0.007  4.240  1.000000
apby 2  0.005  5.960  1.405769
apby 3  0.006  4.752  1.120752
apby 4  0.004  7.918  1.867500
apby 5  0.004  6.776  1.598144
apby 6  0.006  5.230  1.233401
apby 7  0.006  5.039  1.188570
apby 8  0.006  4.926  1.161712
apby 9  0.005  5.681  1.339821
apby 10  0.008  3.919  0.924420
apby 11  0.006  5.207  1.227998
apby 12  0.006  5.136  1.211398
apby 13  0.009  3.272  0.771674
apby 14  0.006  5.304  1.250931
apby 15  0.006  5.000  1.179342
apby 16  0.006  4.889  1.153185
apby 17  0.006  5.171  1.219695
apby 18  0.006  4.947  1.166818
apby 19  0.006  4.966  1.171323
apby 20  0.006  4.932  1.163120
apby 21  0.006  4.825  1.137998
apby 22  0.006  4.618  1.089232
apby 23  0.012  2.497  0.588825
apby 24  0.012  2.473  0.583152
apby 25  0.007  4.441  1.047467
apby 26  0.013  2.348  0.553727
apby 27  0.007  4.280  1.009470
apby 28  0.013  2.256  0.532175
apby 29  0.007  4.077  0.961528
apby 30  0.014  2.126  0.501336
apby 31  0.008  3.925  0.925803
apby 32  0.015  2.026  0.477955
apby 33  0.008  3.734  0.880699
apby 34  0.016  1.933  0.455985
apby 35  0.008  3.627  0.855532
apby 36  0.016  1.853  0.437107
apby 37  0.009  3.477  0.819959
apby 38  0.009  3.393  0.800225
apby 39  0.009  3.324  0.784090
apby 40  0.018  1.704  0.401846
apby 41  0.018  1.670  0.393850
apby 42  0.010  3.148  0.742579
apby 43  0.010  3.089  0.728583
apby 44  0.010  3.050  0.719449
apby 45  0.010  2.986  0.704269
apby 46  0.010  2.931  0.691173
apby 47  0.010  2.867  0.676216
apby 48  0.011  2.774  0.654235
apby 49  0.011  2.728  0.643480
apby 50  0.011  2.657  0.626744
apby 51  0.011  2.614  0.616405
apby 52  0.012  2.507  0.591318
apby 53  0.023  1.301  0.306886
apby 54  0.023  1.280  0.301865
apby 55  0.013  2.376  0.560459
apby 56  0.025  1.222  0.288235
apby 57  0.025  1.204  0.283935
apby 58  0.014  2.170  0.511839
apby 59  0.026  1.152  0.271737
apby 60  0.015  2.066  0.487389
apby 61  0.015  2.005  0.472992
apby 62  0.027  1.099  0.259214
apby 63  0.016  1.903  0.448883
apby 64  0.016  1.865  0.439823
apby 65  0.029  1.021  0.240707
apby 66  0.017  1.758  0.414608
apby 67  0.017  1.728  0.407654
apby 68  0.031  0.968  0.228225
apby 69  0.018  1.649  0.388899
apby 70  0.019  1.605  0.378615
apby 71  0.033  0.917  0.216197
apby 72  0.020  1.536  0.362337
apby 73  0.020  1.511  0.356427
apby 74  0.035  0.867  0.204520
apby 75  0.024  1.269  0.299220
apby 76  0.022  1.361  0.320893
apby 77  0.042  0.715  0.168530
apby 78  0.031  0.961  0.226752
apby 79  0.031  0.969  0.228532
apby 80  1.349  0.022  0.005246
tet dot N = 10000 N=100 My=10 Kz = 10 niter = 1000 
dot 1  0.016  1.271  1.000000
dot 2  0.009  2.203  1.733234
dot 3  0.007  3.001  2.361682
dot 4  0.006  3.424  2.694019
dot 5  0.005  3.709  2.918289
dot 6  0.005  3.723  2.929847
dot 7  0.005  3.718  2.925877
dot 8  0.006  3.602  2.834028
dot 9  0.006  3.481  2.739361
dot 10  0.006  3.337  2.625581
dot 11  0.006  3.278  2.579058
dot 12  0.006  3.172  2.495638
dot 13  0.006  3.090  2.431574
dot 14  0.007  2.990  2.352982
dot 15  0.007  2.938  2.311820
dot 16  0.011  1.847  1.453599
dot 17  0.007  2.727  2.145952
dot 18  0.012  1.687  1.327139
dot 19  0.008  2.507  1.973059
dot 20  0.013  1.558  1.225715
dot 21  0.009  2.318  1.823649
dot 22  0.014  1.446  1.137756
dot 23  0.009  2.139  1.683426
dot 24  0.015  1.335  1.050559
dot 25  0.015  1.311  1.031296
dot 26  0.016  1.254  0.986954
dot 27  0.016  1.234  0.970672
dot 28  0.012  1.718  1.351662
dot 29  0.017  1.154  0.908112
dot 30  0.013  1.584  1.246227
dot 31  0.013  1.531  1.204881
dot 32  0.014  1.471  1.157516
dot 33  0.014  1.414  1.112598
dot 34  0.015  1.373  1.080327
dot 35  0.015  1.324  1.041812
dot 36  0.016  1.289  1.014473
dot 37  0.016  1.237  0.973421
dot 38  0.017  1.188  0.935196
dot 39  0.023  0.865  0.680605
dot 40  0.018  1.132  0.890773
dot 41  0.018  1.110  0.873348
dot 42  0.025  0.811  0.637955
dot 43  0.019  1.064  0.837229
dot 44  0.019  1.038  0.816687
dot 45  0.020  1.013  0.796844
dot 46  0.027  0.750  0.589801
dot 47  0.021  0.972  0.765215
dot 48  0.021  0.944  0.743161
dot 49  0.028  0.702  0.552431
dot 50  0.022  0.895  0.703878
dot 51  0.023  0.871  0.685682
dot 52  0.024  0.845  0.664605
dot 53  0.024  0.822  0.646773
dot 54  0.025  0.805  0.633524
dot 55  0.026  0.780  0.613384
dot 56  0.026  0.766  0.602621
dot 57  0.027  0.744  0.585348
dot 58  0.028  0.725  0.570662
dot 59  0.028  0.705  0.555087
dot 60  0.029  0.686  0.539992
dot 61  0.030  0.671  0.528148
dot 62  0.031  0.655  0.515779
dot 63  0.031  0.639  0.503023
dot 64  0.032  0.627  0.493225
dot 65  0.033  0.614  0.483398
dot 66  0.033  0.598  0.470363
dot 67  0.034  0.586  0.461454
dot 68  0.035  0.571  0.449541
dot 69  0.036  0.557  0.438250
dot 70  0.037  0.547  0.430504
dot 71  0.038  0.533  0.419190
dot 72  0.038  0.522  0.410507
dot 73  0.039  0.513  0.403965
dot 74  0.040  0.504  0.396434
dot 75  0.040  0.495  0.389526
dot 76  0.042  0.478  0.376375
dot 77  0.061  0.327  0.257653
dot 78  0.044  0.451  0.354947
dot 79  0.046  0.434  0.341503
dot 80  0.048  0.421  0.331268
olver 100 10 10
olver_BiCGTAB: 1  0.010  1.931 
olver_BiCGTAB: 2  0.007  2.886 
olver_BiCGTAB: 3  0.006  3.334 
olver_BiCGTAB: 4  0.006  3.121 
olver_BiCGTAB: 5  0.005  3.488 
olver_BiCGTAB: 6  0.007  2.638 
olver_BiCGTAB: 7  0.007  2.885 
olver_BiCGTAB: 8  0.007  2.842 
olver_BiCGTAB: 9  0.006  2.964 
olver_BiCGTAB: 10  0.082  0.229 
olver_BiCGTAB: 11  0.006  3.190 
olver_BiCGTAB: 12  0.006  3.043 
olver_BiCGTAB: 13  0.006  3.358 
olver_BiCGTAB: 14  0.006  3.089 
olver_BiCGTAB: 15  0.006  3.276 
olver_BiCGTAB: 16  0.006  3.286 
olver_BiCGTAB: 17  0.006  3.166 
olver_BiCGTAB: 18  0.006  2.938 
olver_BiCGTAB: 19  0.004  4.441 
olver_BiCGTAB: 20  0.007  2.666 
olver_BiCGTAB: 21  0.007  2.525 
olver_BiCGTAB: 22  0.005  4.058 
olver_BiCGTAB: 23  0.008  2.321 
olver_BiCGTAB: 24  0.006  3.088 
olver_BiCGTAB: 25  0.009  1.981 
olver_BiCGTAB: 26  0.009  2.194 
olver_BiCGTAB: 27  0.009  2.091 
olver_BiCGTAB: 28  0.009  2.002 
olver_BiCGTAB: 29  0.017  1.102 
olver_BiCGTAB: 30  0.056  0.336 
olver_BiCGTAB: 31  0.058  0.325 
olver_BiCGTAB: 32  0.009  1.995 
olver_BiCGTAB: 33  0.013  1.465 
olver_BiCGTAB: 34  0.010  1.957 
olver_BiCGTAB: 35  0.033  0.568 
olver_BiCGTAB: 36  0.010  1.923 
olver_BiCGTAB: 37  0.011  1.780 
olver_BiCGTAB: 38  0.010  1.815 
olver_BiCGTAB: 39  0.011  1.649 
olver_BiCGTAB: 40  0.021  0.893 
olver_BiCGTAB: 41  0.244  0.077 
olver_BiCGTAB: 42  0.173  0.109 
olver_BiCGTAB: 43  0.012  1.606 
olver_BiCGTAB: 44  0.015  1.247 
olver_BiCGTAB: 45  0.013  1.430 
olver_BiCGTAB: 46  0.012  1.506 
olver_BiCGTAB: 47  0.121  0.155 
olver_BiCGTAB: 48  0.013  1.472 
olver_BiCGTAB: 49  0.013  1.414 
olver_BiCGTAB: 50  0.013  1.408 
olver_BiCGTAB: 51  0.025  0.741 
olver_BiCGTAB: 52  0.010  1.887 
olver_BiCGTAB: 53  0.014  1.332 
olver_BiCGTAB: 54  0.168  0.112 
olver_BiCGTAB: 55  0.022  0.864 
olver_BiCGTAB: 56  0.036  0.522 
olver_BiCGTAB: 57  0.015  1.219 
olver_BiCGTAB: 58  0.042  0.443 
olver_BiCGTAB: 59  0.010  1.804 
olver_BiCGTAB: 60  0.042  0.452 
olver_BiCGTAB: 61  0.011  1.730 
olver_BiCGTAB: 62  0.016  1.180 
olver_BiCGTAB: 63  0.011  1.643 
olver_BiCGTAB: 64  0.017  1.110 
olver_BiCGTAB: 65  0.065  0.290 
olver_BiCGTAB: 66  0.051  0.371 
olver_BiCGTAB: 67  0.017  1.108 
olver_BiCGTAB: 68  0.012  1.507 
olver_BiCGTAB: 69  0.013  1.423 
olver_BiCGTAB: 70  0.027  0.692 
olver_BiCGTAB: 71  0.021  0.899 
olver_BiCGTAB: 72  0.018  1.032 
olver_BiCGTAB: 73  0.014  1.354 
olver_BiCGTAB: 74  0.019  1.008 
olver_BiCGTAB: 75  0.028  0.673 
olver_BiCGTAB: 76  0.020  0.952 
olver_BiCGTAB: 77  0.015  1.292 
olver_BiCGTAB: 78  0.015  1.286 
olver_BiCGTAB: 79  0.020  0.933 
olver_BiCGTAB: 80  0.020  0.923 