tet pMV N = 1000 N=10 My=10 Kz = 10 niter = 100 
pMV 1  0.001  1.148  1.000000
pMV 2  0.001  1.690  1.471803
pMV 3  0.001  1.849  1.610424
pMV 4  0.001  1.810  1.576337
pMV 5  0.001  1.977  1.722580
pMV 6  0.001  1.959  1.706308
pMV 7  0.001  1.321  1.150353
pMV 8  0.001  1.190  1.037016
pMV 9  0.001  1.634  1.423605
pMV 10  0.001  0.966  0.841844
pMV 11  0.001  1.510  1.315720
pMV 12  0.001  1.413  1.230936
pMV 13  0.002  0.833  0.725596
pMV 14  0.001  1.287  1.121523
pMV 15  0.001  1.344  1.170989
pMV 16  0.001  1.319  1.148664
pMV 17  0.002  0.728  0.634124
pMV 18  0.002  0.695  0.605009
pMV 19  0.002  0.686  0.597779
pMV 20  0.001  1.177  1.025239
pMV 21  0.002  0.644  0.561218
pMV 22  0.002  0.619  0.539031
pMV 23  0.001  1.095  0.953802
pMV 24  0.002  0.573  0.499087
pMV 25  0.002  0.555  0.483159
pMV 26  0.003  0.552  0.480846
pMV 27  0.003  0.549  0.477948
pMV 28  0.003  0.526  0.457897
pMV 29  0.003  0.510  0.444526
pMV 30  0.003  0.490  0.426662
pMV 31  0.003  0.478  0.416063
pMV 32  0.003  0.469  0.408404
pMV 33  0.003  0.451  0.392540
pMV 34  0.003  0.447  0.389561
pMV 35  0.002  0.812  0.707231
pMV 36  0.002  0.800  0.696646
pMV 37  0.002  0.716  0.623627
pMV 38  0.002  0.752  0.654969
pMV 39  0.002  0.720  0.626828
pMV 40  0.004  0.371  0.323039
pMV 41  0.002  0.676  0.588960
pMV 42  0.002  0.675  0.587621
pMV 43  0.004  0.350  0.304757
pMV 44  0.002  0.643  0.559799
pMV 45  0.002  0.628  0.547050
pMV 46  0.004  0.330  0.287830
pMV 47  0.002  0.615  0.536004
pMV 48  0.002  0.602  0.524503
pMV 49  0.004  0.311  0.271083
pMV 50  0.002  0.573  0.499498
pMV 51  0.002  0.554  0.482965
pMV 52  0.003  0.527  0.459355
pMV 53  0.003  0.530  0.461645
pMV 54  0.003  0.519  0.452481
pMV 55  0.003  0.500  0.435898
pMV 56  0.003  0.464  0.404349
pMV 57  0.005  0.270  0.235343
pMV 58  0.003  0.468  0.407696
pMV 59  0.003  0.452  0.393694
pMV 60  0.006  0.249  0.216970
pMV 61  0.003  0.420  0.365605
pMV 62  0.003  0.416  0.362414
pMV 63  0.003  0.401  0.349551
pMV 64  0.004  0.391  0.340826
pMV 65  0.006  0.231  0.200900
pMV 66  0.006  0.223  0.194392
pMV 67  0.004  0.366  0.318834
pMV 68  0.006  0.213  0.185565
pMV 69  0.004  0.347  0.302566
pMV 70  0.004  0.337  0.293643
pMV 71  0.007  0.202  0.175844
pMV 72  0.004  0.328  0.285372
pMV 73  0.004  0.315  0.274172
pMV 74  0.007  0.187  0.163029
pMV 75  0.005  0.287  0.249768
pMV 76  0.005  0.274  0.238348
pMV 77  0.008  0.174  0.151768
pMV 78  0.005  0.251  0.218934
pMV 79  0.015  0.091  0.079168
pMV 80  0.009  0.159  0.138654
tet apby N = 1000 N=10 My=10 Kz = 10 niter = 1000 
apby 1  0.002  1.618  1.000000
apby 2  0.003  1.115  0.689349
apby 3  0.002  1.558  0.962925
apby 4  0.002  1.551  0.959029
apby 5  0.002  1.446  0.893641
apby 6  0.002  1.232  0.761860
apby 7  0.003  1.075  0.664309
apby 8  0.003  0.989  0.611243
apby 9  0.006  0.539  0.333321
apby 10  0.004  0.830  0.513310
apby 11  0.007  0.438  0.270507
apby 12  0.007  0.406  0.251253
apby 13  0.008  0.390  0.240969
apby 14  0.008  0.374  0.231192
apby 15  0.008  0.356  0.220046
apby 16  0.009  0.344  0.212835
apby 17  0.009  0.340  0.209887
apby 18  0.009  0.322  0.199175
apby 19  0.005  0.593  0.366314
apby 20  0.005  0.577  0.356902
apby 21  0.010  0.293  0.181151
apby 22  0.006  0.538  0.332692
apby 23  0.011  0.276  0.170472
apby 24  0.011  0.268  0.165441
apby 25  0.012  0.261  0.161213
apby 26  0.012  0.253  0.156566
apby 27  0.012  0.248  0.153108
apby 28  0.013  0.240  0.148213
apby 29  0.013  0.234  0.144541
apby 30  0.013  0.225  0.138841
apby 31  0.007  0.413  0.255220
apby 32  0.007  0.412  0.254492
apby 33  0.014  0.207  0.128141
apby 34  0.008  0.376  0.232468
apby 35  0.008  0.370  0.228586
apby 36  0.016  0.193  0.119455
apby 37  0.008  0.358  0.221432
apby 38  0.009  0.347  0.214394
apby 39  0.017  0.180  0.110972
apby 40  0.009  0.329  0.203360
apby 41  0.009  0.320  0.197690
apby 42  0.018  0.168  0.104152
apby 43  0.010  0.313  0.193407
apby 44  0.018  0.163  0.100915
apby 45  0.019  0.160  0.098666
apby 46  0.010  0.295  0.182665
apby 47  0.020  0.152  0.093969
apby 48  0.020  0.149  0.091960
apby 49  0.021  0.146  0.090026
apby 50  0.021  0.141  0.087100
apby 51  0.022  0.137  0.084960
apby 52  0.022  0.135  0.083396
apby 53  0.023  0.133  0.081984
apby 54  0.023  0.130  0.080332
apby 55  0.024  0.127  0.078446
apby 56  0.013  0.231  0.142573
apby 57  0.025  0.121  0.074831
apby 58  0.026  0.117  0.072582
apby 59  0.014  0.210  0.129812
apby 60  0.027  0.113  0.069777
apby 61  0.027  0.110  0.068063
apby 62  0.016  0.191  0.118127
apby 63  0.029  0.105  0.064998
apby 64  0.029  0.103  0.063876
apby 65  0.018  0.169  0.104284
apby 66  0.031  0.098  0.060798
apby 67  0.031  0.097  0.060269
apby 68  0.032  0.095  0.058664
apby 69  0.032  0.094  0.058125
apby 70  0.033  0.091  0.056331
apby 71  0.033  0.090  0.055584
apby 72  0.034  0.089  0.054905
apby 73  0.021  0.140  0.086625
apby 74  1.169  0.003  0.001587
apby 75  0.035  0.086  0.052887
apby 76  0.023  0.129  0.079658
apby 77  0.037  0.082  0.050703
apby 78  0.038  0.080  0.049402
apby 79  0.026  0.115  0.071026
apby 80  0.087  0.034  0.021300
tet dot N = 1000 N=10 My=10 Kz = 10 niter = 1000 
dot 1  0.003  0.718  1.000000
dot 2  0.002  0.855  1.190748
dot 3  0.002  0.958  1.335108
dot 4  0.002  0.814  1.134627
dot 5  0.003  0.711  0.990642
dot 6  0.003  0.606  0.844103
dot 7  0.004  0.531  0.740438
dot 8  0.004  0.476  0.662918
dot 9  0.005  0.419  0.583885
dot 10  0.005  0.388  0.540185
dot 11  0.008  0.241  0.335641
dot 12  0.006  0.349  0.486589
dot 13  0.009  0.213  0.296356
dot 14  0.006  0.315  0.438603
dot 15  0.011  0.190  0.264594
dot 16  0.007  0.279  0.388131
dot 17  0.011  0.174  0.242537
dot 18  0.012  0.167  0.232218
dot 19  0.012  0.162  0.225423
dot 20  0.013  0.153  0.213548
dot 21  0.009  0.224  0.312243
dot 22  0.014  0.143  0.199417
dot 23  0.015  0.136  0.189138
dot 24  0.010  0.197  0.274513
dot 25  0.016  0.128  0.178177
dot 26  0.016  0.122  0.170476
dot 27  0.017  0.119  0.166394
dot 28  0.017  0.115  0.160023
dot 29  0.018  0.112  0.155997
dot 30  0.013  0.159  0.221026
dot 31  0.019  0.104  0.145085
dot 32  0.019  0.103  0.143235
dot 33  0.014  0.139  0.193904
dot 34  0.021  0.095  0.132902
dot 35  0.021  0.094  0.130986
dot 36  0.022  0.090  0.125960
dot 37  0.022  0.090  0.125031
dot 38  0.023  0.087  0.121244
dot 39  0.023  0.086  0.119394
dot 40  0.024  0.083  0.116156
dot 41  0.024  0.083  0.115931
dot 42  0.025  0.081  0.112412
dot 43  0.025  0.080  0.110861
dot 44  0.026  0.078  0.108410
dot 45  0.026  0.077  0.107046
dot 46  0.027  0.075  0.104536
dot 47  0.027  0.074  0.103305
dot 48  0.028  0.072  0.100101
dot 49  0.028  0.070  0.097898
dot 50  0.029  0.068  0.095060
dot 51  0.030  0.067  0.093391
dot 52  0.031  0.065  0.091117
dot 53  0.031  0.064  0.089538
dot 54  0.032  0.062  0.087040
dot 55  0.033  0.061  0.085016
dot 56  0.033  0.060  0.083348
dot 57  0.027  0.073  0.101816
dot 58  0.035  0.057  0.079497
dot 59  0.029  0.069  0.096439
dot 60  0.030  0.068  0.094314
dot 61  0.037  0.054  0.074826
dot 62  0.031  0.064  0.089777
dot 63  0.032  0.063  0.088043
dot 64  0.040  0.050  0.069813
dot 65  0.033  0.060  0.083819
dot 66  0.034  0.059  0.081937
dot 67  0.042  0.048  0.066252
dot 68  0.036  0.056  0.078368
dot 69  0.044  0.045  0.063265
dot 70  0.045  0.045  0.062613
dot 71  0.038  0.053  0.073276
dot 72  0.047  0.043  0.059566
dot 73  0.047  0.043  0.059234
dot 74  0.040  0.050  0.069280
dot 75  0.049  0.041  0.056853
dot 76  0.050  0.040  0.055864
dot 77  0.044  0.046  0.063513
dot 78  0.135  0.015  0.020567
dot 79  0.046  0.043  0.060211
dot 80  0.056  0.036  0.049762
olver 10 10 10
olver_BiCGTAB: 1  0.001  1.475 
olver_BiCGTAB: 2  0.001  1.500 
olver_BiCGTAB: 3  0.001  1.603 
olver_BiCGTAB: 4  0.001  1.470 
olver_BiCGTAB: 5  0.002  1.219 
olver_BiCGTAB: 6  0.002  1.130 
olver_BiCGTAB: 7  0.002  1.117 
olver_BiCGTAB: 8  0.002  1.058 
olver_BiCGTAB: 9  0.002  0.910 
olver_BiCGTAB: 10  0.002  0.874 
olver_BiCGTAB: 11  0.002  0.824 
olver_BiCGTAB: 12  0.002  1.099 
olver_BiCGTAB: 13  0.003  0.685 
olver_BiCGTAB: 14  0.003  0.661 
olver_BiCGTAB: 15  0.003  0.564 
olver_BiCGTAB: 16  0.003  0.545 
olver_BiCGTAB: 17  0.003  0.528 
olver_BiCGTAB: 18  0.002  0.763 
olver_BiCGTAB: 19  0.002  0.773 
olver_BiCGTAB: 20  0.004  0.423 
olver_BiCGTAB: 21  0.005  0.387 
olver_BiCGTAB: 22  0.003  0.658 
olver_BiCGTAB: 23  0.005  0.369 
olver_BiCGTAB: 24  0.003  0.595 
olver_BiCGTAB: 25  0.005  0.346 
olver_BiCGTAB: 26  0.003  0.557 
olver_BiCGTAB: 27  0.006  0.315 
olver_BiCGTAB: 28  0.004  0.524 
olver_BiCGTAB: 29  0.006  0.292 
olver_BiCGTAB: 30  0.004  0.495 
olver_BiCGTAB: 31  0.004  0.490 
olver_BiCGTAB: 32  0.007  0.269 
olver_BiCGTAB: 33  0.004  0.462 
olver_BiCGTAB: 34  0.004  0.442 
olver_BiCGTAB: 35  0.004  0.434 
olver_BiCGTAB: 36  0.004  0.418 
olver_BiCGTAB: 37  0.005  0.407 
olver_BiCGTAB: 38  0.005  0.390 
olver_BiCGTAB: 39  0.005  0.392 
olver_BiCGTAB: 40  0.005  0.379 
olver_BiCGTAB: 41  0.005  0.372 
olver_BiCGTAB: 42  0.005  0.360 
olver_BiCGTAB: 43  0.005  0.353 
olver_BiCGTAB: 44  0.005  0.341 
olver_BiCGTAB: 45  0.005  0.337 
olver_BiCGTAB: 46  0.006  0.329 
olver_BiCGTAB: 47  0.006  0.320 
olver_BiCGTAB: 48  0.006  0.311 
olver_BiCGTAB: 49  0.006  0.304 
olver_BiCGTAB: 50  0.006  0.294 
olver_BiCGTAB: 51  0.006  0.289 
olver_BiCGTAB: 52  0.007  0.278 
olver_BiCGTAB: 53  0.007  0.271 
olver_BiCGTAB: 54  0.007  0.265 
olver_BiCGTAB: 55  0.007  0.256 
olver_BiCGTAB: 56  0.008  0.228 
olver_BiCGTAB: 57  0.013  0.140 
olver_BiCGTAB: 58  0.009  0.207 
olver_BiCGTAB: 59  0.013  0.138 
olver_BiCGTAB: 60  0.014  0.136 
olver_BiCGTAB: 61  0.009  0.196 
olver_BiCGTAB: 62  0.014  0.131 
olver_BiCGTAB: 63  0.010  0.187 
olver_BiCGTAB: 64  0.015  0.125 
olver_BiCGTAB: 65  0.011  0.176 
olver_BiCGTAB: 66  0.015  0.120 
olver_BiCGTAB: 67  0.011  0.169 
olver_BiCGTAB: 68  0.016  0.117 
olver_BiCGTAB: 69  0.011  0.163 
olver_BiCGTAB: 70  0.016  0.112 
olver_BiCGTAB: 71  0.012  0.156 
olver_BiCGTAB: 72  0.017  0.110 
olver_BiCGTAB: 73  0.012  0.149 
olver_BiCGTAB: 74  0.018  0.105 
olver_BiCGTAB: 75  0.013  0.145 
olver_BiCGTAB: 76  0.018  0.103 
olver_BiCGTAB: 77  0.013  0.141 
olver_BiCGTAB: 78  0.018  0.100 
olver_BiCGTAB: 79  0.014  0.134 
olver_BiCGTAB: 80  0.019  0.097 