tet pMV N = 100000 N=100 My=100 Kz = 10 niter = 100 
pMV 1  0.112  1.302  1.000000
pMV 2  0.056  2.592  1.990931
pMV 3  0.038  3.772  2.896739
pMV 4  0.029  5.006  3.844465
pMV 5  0.024  6.170  4.738782
pMV 6  0.020  7.267  5.580765
pMV 7  0.018  8.137  6.249202
pMV 8  0.016  9.257  7.108936
pMV 9  0.014 10.168  7.808544
pMV 10  0.014 10.527  8.084303
pMV 11  0.017  8.739  6.711131
pMV 12  0.016  9.244  7.099171
pMV 13  0.015  9.401  7.219980
pMV 14  0.014 10.234  7.859781
pMV 15  0.014 10.742  8.249669
pMV 16  0.013 11.249  8.638731
pMV 17  0.013 11.083  8.511381
pMV 18  0.013 11.511  8.840594
pMV 19  0.012 12.076  9.274357
pMV 20  0.011 13.220  10.153042
pMV 21  0.016  8.909  6.841749
pMV 22  0.016  9.257  7.109444
pMV 23  0.015  9.464  7.267996
pMV 24  0.015  9.554  7.337468
pMV 25  0.015  9.786  7.515201
pMV 26  0.015 10.000  7.679621
pMV 27  0.014 10.179  7.817645
pMV 28  0.014 10.374  7.967117
pMV 29  0.014 10.534  8.090198
pMV 30  0.014 10.621  8.156777
pMV 31  0.013 11.428  8.776768
pMV 32  0.014 10.653  8.181303
pMV 33  0.013 10.850  8.332992
pMV 34  0.013 10.870  8.348374
pMV 35  0.013 10.867  8.345402
pMV 36  0.012 12.398  9.521338
pMV 37  0.013 10.950  8.409749
pMV 38  0.013 11.074  8.504718
pMV 39  0.017  8.525  6.546742
pMV 40  0.018  8.161  6.267698
pMV 41  0.018  8.245  6.332117
pMV 42  0.016  8.953  6.875628
pMV 43  0.017  8.412  6.460463
pMV 44  0.017  8.515  6.539178
pMV 45  0.016  9.270  7.119476
pMV 46  0.017  8.633  6.629784
pMV 47  0.017  8.755  6.723894
pMV 48  0.015  9.540  7.326494
pMV 49  0.015  9.553  7.336670
pMV 50  0.016  8.922  6.852341
pMV 51  0.016  9.028  6.933185
pMV 52  0.015  9.926  7.622989
pMV 53  0.016  9.040  6.942909
pMV 54  0.016  9.078  6.971742
pMV 55  0.014 10.216  7.846070
pMV 56  0.016  9.018  6.925317
pMV 57  0.016  9.126  7.008936
pMV 58  0.016  9.303  7.144660
pMV 59  0.017  8.510  6.535609
pMV 60  0.017  8.545  6.562813
pMV 61  0.017  8.541  6.559753
pMV 62  0.017  8.331  6.397865
pMV 63  0.017  8.492  6.521633
pMV 64  0.015  9.634  7.398957
pMV 65  0.017  8.491  6.521325
pMV 66  0.015  9.724  7.468187
pMV 67  0.015  9.488  7.286884
pMV 68  0.017  8.442  6.483129
pMV 69  0.015  9.531  7.319790
pMV 70  0.015  9.535  7.322534
pMV 71  0.017  8.327  6.395039
pMV 72  0.015  9.608  7.378627
pMV 73  0.015  9.483  7.282909
pMV 74  0.018  8.151  6.259617
pMV 75  0.015  9.568  7.347792
pMV 76  0.016  9.332  7.166632
pMV 77  0.368  0.394  0.302782
pMV 78  0.018  7.850  6.028774
pMV 79  0.016  9.061  6.958915
pMV 80  0.547  0.265  0.203851
tet apby N = 100000 N=100 My=100 Kz = 10 niter = 1000 
apby 1  0.065  4.615  1.000000
apby 2  0.054  5.547  1.202127
apby 3  0.048  6.307  1.366812
apby 4  0.028 10.582  2.293148
apby 5  0.024 12.711  2.754453
apby 6  0.033  9.058  1.963015
apby 7  0.023 12.835  2.781346
apby 8  0.014 21.441  4.646291
apby 9  0.022 13.560  2.938472
apby 10  0.014 20.968  4.543962
apby 11  0.020 14.690  3.183449
apby 12  0.023 13.274  2.876435
apby 13  0.018 16.390  3.551695
apby 14  0.022 13.807  2.992004
apby 15  0.020 14.747  3.195792
apby 16  0.017 17.283  3.745376
apby 17  0.020 15.212  3.296565
apby 18  0.018 16.811  3.642968
apby 19  0.021 14.498  3.141829
apby 20  0.016 19.173  4.154946
apby 21  0.020 15.323  3.320544
apby 22  0.017 17.565  3.806369
apby 23  0.021 14.599  3.163565
apby 24  0.017 17.893  3.877592
apby 25  0.021 14.129  3.061920
apby 26  0.022 13.847  3.000688
apby 27  0.022 13.626  2.952734
apby 28  0.022 13.388  2.901180
apby 29  0.023 12.955  2.807349
apby 30  0.024 12.622  2.735272
apby 31  0.024 12.407  2.688567
apby 32  0.018 16.946  3.672334
apby 33  0.025 11.918  2.582749
apby 34  0.026 11.616  2.517174
apby 35  0.019 16.163  3.502554
apby 36  0.026 11.332  2.455588
apby 37  0.019 15.870  3.439169
apby 38  0.027 10.983  2.380031
apby 39  0.019 15.406  3.338529
apby 40  0.028 10.609  2.299029
apby 41  0.021 14.596  3.163034
apby 42  0.030 10.070  2.182168
apby 43  0.021 14.238  3.085530
apby 44  0.031  9.730  2.108542
apby 45  0.022 13.938  3.020511
apby 46  0.032  9.453  2.048540
apby 47  0.023 13.315  2.885480
apby 48  0.033  9.030  1.956866
apby 49  0.023 12.768  2.766831
apby 50  0.034  8.742  1.894398
apby 51  0.024 12.446  2.697010
apby 52  0.036  8.440  1.828977
apby 53  0.036  8.309  1.800657
apby 54  0.025 11.951  2.589789
apby 55  0.037  8.009  1.735603
apby 56  0.038  7.934  1.719264
apby 57  0.026 11.325  2.454271
apby 58  0.039  7.711  1.671097
apby 59  0.040  7.586  1.643854
apby 60  0.028 10.828  2.346480
apby 61  0.028 10.883  2.358405
apby 62  0.041  7.376  1.598325
apby 63  0.029 10.510  2.277575
apby 64  0.029 10.266  2.224781
apby 65  0.042  7.101  1.538755
apby 66  0.030 10.041  2.175890
apby 67  0.031  9.829  2.129914
apby 68  0.044  6.831  1.480374
apby 69  0.031  9.669  2.095236
apby 70  0.045  6.613  1.433107
apby 71  0.032  9.312  2.017895
apby 72  0.047  6.423  1.391875
apby 73  0.033  9.036  1.958223
apby 74  0.048  6.294  1.364035
apby 75  0.034  8.802  1.907378
apby 76  0.049  6.115  1.325221
apby 77  0.035  8.551  1.853126
apby 78  0.050  5.988  1.297615
apby 79  0.037  8.190  1.774808
apby 80  0.052  5.790  1.254773
tet dot N = 100000 N=100 My=100 Kz = 10 niter = 1000 
dot 1  0.151  1.327  1.000000
dot 2  0.077  2.602  1.961322
dot 3  0.052  3.852  2.902751
dot 4  0.040  5.049  3.804933
dot 5  0.033  6.027  4.541842
dot 6  0.028  7.054  5.316471
dot 7  0.026  7.613  5.737643
dot 8  0.023  8.674  6.537342
dot 9  0.023  8.679  6.540949
dot 10  0.021  9.728  7.331236
dot 11  0.022  9.049  6.819407
dot 12  0.019 10.361  7.808636
dot 13  0.021  9.334  7.034691
dot 14  0.018 10.931  8.237813
dot 15  0.021  9.443  7.116598
dot 16  0.021  9.552  7.199073
dot 17  0.021  9.500  7.159570
dot 18  0.021  9.389  7.075995
dot 19  0.022  9.296  7.005796
dot 20  0.017 11.670  8.795101
dot 21  0.022  9.192  6.927075
dot 22  0.022  9.012  6.791578
dot 23  0.017 11.706  8.822386
dot 24  0.023  8.873  6.687193
dot 25  0.023  8.818  6.645347
dot 26  0.023  8.712  6.565570
dot 27  0.024  8.510  6.413585
dot 28  0.024  8.399  6.329455
dot 29  0.025  8.147  6.139692
dot 30  0.025  7.966  6.003701
dot 31  0.026  7.633  5.752468
dot 32  0.027  7.518  5.666005
dot 33  0.028  7.244  5.459484
dot 34  0.029  6.972  5.254045
dot 35  0.029  6.860  5.169866
dot 36  0.030  6.612  4.982708
dot 37  0.031  6.535  4.924829
dot 38  0.031  6.390  4.815959
dot 39  0.031  6.412  4.832098
dot 40  0.032  6.304  4.751145
dot 41  0.032  6.282  4.734122
dot 42  0.032  6.164  4.645592
dot 43  0.032  6.179  4.656704
dot 44  0.033  6.084  4.585389
dot 45  0.033  6.069  4.573551
dot 46  0.033  6.011  4.529967
dot 47  0.034  5.962  4.493508
dot 48  0.034  5.802  4.372305
dot 49  0.035  5.732  4.319913
dot 50  0.036  5.621  4.236378
dot 51  0.036  5.582  4.207084
dot 52  0.037  5.448  4.105696
dot 53  0.037  5.386  4.059005
dot 54  0.038  5.264  3.967386
dot 55  0.031  6.378  4.806342
dot 56  0.039  5.143  3.876284
dot 57  0.040  5.001  3.769167
dot 58  0.032  6.166  4.646567
dot 59  0.041  4.895  3.689049
dot 60  0.042  4.782  3.603993
dot 61  0.042  4.718  3.555614
dot 62  0.042  4.718  3.555464
dot 63  0.044  4.562  3.438378
dot 64  0.044  4.574  3.447451
dot 65  0.046  4.384  3.303828
dot 66  0.048  4.151  3.128572
dot 67  0.050  4.004  3.017324
dot 68  0.051  3.901  2.940199
dot 69  0.054  3.729  2.810385
dot 70  0.055  3.661  2.759242
dot 71  0.057  3.502  2.639080
dot 72  0.058  3.427  2.583074
dot 73  0.060  3.319  2.501298
dot 74  0.159  1.258  0.947874
dot 75  0.317  0.631  0.475414
dot 76  0.061  3.292  2.480688
dot 77  0.062  3.245  2.445230
dot 78  0.061  3.255  2.453395
dot 79  0.162  1.235  0.930929
dot 80  0.689  0.290  0.218873
olver 100 100 10
olver_BiCGTAB: 1  0.081  1.930 
olver_BiCGTAB: 2  0.059  2.631 
olver_BiCGTAB: 3  0.041  3.814 
olver_BiCGTAB: 4  0.031  5.086 
olver_BiCGTAB: 5  0.037  4.173 
olver_BiCGTAB: 6  0.035  4.509 
olver_BiCGTAB: 7  0.047  3.327 
olver_BiCGTAB: 8  0.032  4.887 
olver_BiCGTAB: 9  0.018  8.491 
olver_BiCGTAB: 10  0.018  8.651 
olver_BiCGTAB: 11  0.022  7.086 
olver_BiCGTAB: 12  0.021  7.485 
olver_BiCGTAB: 13  0.030  5.166 
olver_BiCGTAB: 14  0.028  5.520 
olver_BiCGTAB: 15  0.029  5.387 
olver_BiCGTAB: 16  0.029  5.346 
olver_BiCGTAB: 17  0.029  5.409 
olver_BiCGTAB: 18  0.027  5.845 
olver_BiCGTAB: 19  0.027  5.828 
olver_BiCGTAB: 20  0.022  7.006 
olver_BiCGTAB: 21  0.023  6.912 
olver_BiCGTAB: 22  0.021  7.471 
olver_BiCGTAB: 23  0.022  7.034 
olver_BiCGTAB: 24  0.023  6.660 
olver_BiCGTAB: 25  0.024  6.475 
olver_BiCGTAB: 26  0.024  6.536 
olver_BiCGTAB: 27  0.024  6.629 
olver_BiCGTAB: 28  0.023  6.838 
olver_BiCGTAB: 29  0.022  7.211 
olver_BiCGTAB: 30  0.021  7.304 
olver_BiCGTAB: 31  0.021  7.290 
olver_BiCGTAB: 32  0.020  7.772 
olver_BiCGTAB: 33  0.021  7.523 
olver_BiCGTAB: 34  0.021  7.250 
olver_BiCGTAB: 35  0.021  7.273 
olver_BiCGTAB: 36  0.019  8.298 
olver_BiCGTAB: 37  0.021  7.354 
olver_BiCGTAB: 38  0.019  8.368 
olver_BiCGTAB: 39  0.021  7.269 
olver_BiCGTAB: 40  0.019  8.302 
olver_BiCGTAB: 41  0.022  7.210 
olver_BiCGTAB: 42  0.018  8.540 
olver_BiCGTAB: 43  0.087  1.793 
olver_BiCGTAB: 44  0.021  7.337 
olver_BiCGTAB: 45  0.018  8.692 
olver_BiCGTAB: 46  0.018  8.715 
olver_BiCGTAB: 47  0.021  7.260 
olver_BiCGTAB: 48  0.021  7.303 
olver_BiCGTAB: 49  0.023  6.710 
olver_BiCGTAB: 50  0.022  7.231 
olver_BiCGTAB: 51  0.022  7.247 
olver_BiCGTAB: 52  0.018  8.692 
olver_BiCGTAB: 53  0.021  7.256 
olver_BiCGTAB: 54  0.022  7.163 
olver_BiCGTAB: 55  0.018  8.481 
olver_BiCGTAB: 56  0.022  7.100 
olver_BiCGTAB: 57  0.022  7.035 
olver_BiCGTAB: 58  0.019  8.363 
olver_BiCGTAB: 59  0.022  7.009 
olver_BiCGTAB: 60  0.023  6.889 
olver_BiCGTAB: 61  0.019  8.215 
olver_BiCGTAB: 62  0.023  6.818 
olver_BiCGTAB: 63  0.023  6.763 
olver_BiCGTAB: 64  0.019  8.055 
olver_BiCGTAB: 65  0.019  7.997 
olver_BiCGTAB: 66  0.029  5.360 
olver_BiCGTAB: 67  0.020  7.869 
olver_BiCGTAB: 68  0.020  7.837 
olver_BiCGTAB: 69  0.024  6.501 
olver_BiCGTAB: 70  0.020  7.678 
olver_BiCGTAB: 71  0.020  7.751 
olver_BiCGTAB: 72  0.024  6.408 
olver_BiCGTAB: 73  0.021  7.583 
olver_BiCGTAB: 74  0.021  7.464 
olver_BiCGTAB: 75  0.025  6.151 
olver_BiCGTAB: 76  0.299  0.521 
olver_BiCGTAB: 77  0.026  5.932 
olver_BiCGTAB: 78  0.030  5.126 
olver_BiCGTAB: 79  0.027  5.699 
olver_BiCGTAB: 80  0.023  6.807 